{"/Users/hardeep.kahlon/Projects/team-foodies-crust-pilot/api/app.js": {"path":"/Users/hardeep.kahlon/Projects/team-foodies-crust-pilot/api/app.js","statementMap":{"0":{"start":{"line":1,"column":16},"end":{"line":1,"column":34}},"1":{"start":{"line":2,"column":19},"end":{"line":2,"column":41}},"2":{"start":{"line":3,"column":13},"end":{"line":3,"column":28}},"3":{"start":{"line":4,"column":13},"end":{"line":4,"column":28}},"4":{"start":{"line":6,"column":20},"end":{"line":6,"column":45}},"5":{"start":{"line":7,"column":20},"end":{"line":7,"column":45}},"6":{"start":{"line":8,"column":21},"end":{"line":8,"column":47}},"7":{"start":{"line":9,"column":29},"end":{"line":9,"column":63}},"8":{"start":{"line":10,"column":25},"end":{"line":10,"column":55}},"9":{"start":{"line":11,"column":21},"end":{"line":11,"column":57}},"10":{"start":{"line":13,"column":12},"end":{"line":13,"column":21}},"11":{"start":{"line":18,"column":0},"end":{"line":18,"column":16}},"12":{"start":{"line":21,"column":0},"end":{"line":21,"column":69}},"13":{"start":{"line":24,"column":0},"end":{"line":24,"column":27}},"14":{"start":{"line":28,"column":0},"end":{"line":28,"column":31}},"15":{"start":{"line":29,"column":0},"end":{"line":29,"column":31}},"16":{"start":{"line":30,"column":0},"end":{"line":30,"column":41}},"17":{"start":{"line":31,"column":0},"end":{"line":31,"column":47}},"18":{"start":{"line":32,"column":0},"end":{"line":32,"column":55}},"19":{"start":{"line":33,"column":0},"end":{"line":33,"column":33}},"20":{"start":{"line":36,"column":0},"end":{"line":39,"column":3}},"21":{"start":{"line":37,"column":2},"end":{"line":37,"column":45}},"22":{"start":{"line":38,"column":2},"end":{"line":38,"column":56}},"23":{"start":{"line":42,"column":0},"end":{"line":49,"column":3}},"24":{"start":{"line":43,"column":2},"end":{"line":43,"column":21}},"25":{"start":{"line":44,"column":2},"end":{"line":48,"column":3}},"26":{"start":{"line":45,"column":4},"end":{"line":45,"column":38}},"27":{"start":{"line":47,"column":4},"end":{"line":47,"column":58}},"28":{"start":{"line":51,"column":0},"end":{"line":51,"column":21}}},"fnMap":{"0":{"name":"(anonymous_0)","decl":{"start":{"line":36,"column":8},"end":{"line":36,"column":9}},"loc":{"start":{"line":36,"column":23},"end":{"line":39,"column":1}},"line":36},"1":{"name":"(anonymous_1)","decl":{"start":{"line":42,"column":8},"end":{"line":42,"column":9}},"loc":{"start":{"line":42,"column":35},"end":{"line":49,"column":1}},"line":42}},"branchMap":{"0":{"loc":{"start":{"line":44,"column":2},"end":{"line":48,"column":3}},"type":"if","locations":[{"start":{"line":44,"column":2},"end":{"line":48,"column":3}},{"start":{"line":46,"column":9},"end":{"line":48,"column":3}}],"line":44}},"s":{"0":4,"1":4,"2":4,"3":4,"4":4,"5":4,"6":4,"7":4,"8":4,"9":4,"10":4,"11":4,"12":4,"13":4,"14":4,"15":4,"16":4,"17":4,"18":4,"19":4,"20":4,"21":0,"22":0,"23":4,"24":0,"25":0,"26":0,"27":0,"28":4},"f":{"0":0,"1":0},"b":{"0":[0,0]},"_coverageSchema":"1a1c01bbd47fc00a2c39e90264f33305004495a9","hash":"19a5ec5f741d4e46601dde8f28e38e12fecaa4b3"}
,"/Users/hardeep.kahlon/Projects/team-foodies-crust-pilot/api/seed.js": {"path":"/Users/hardeep.kahlon/Projects/team-foodies-crust-pilot/api/seed.js","statementMap":{"0":{"start":{"line":1,"column":17},"end":{"line":1,"column":36}},"1":{"start":{"line":2,"column":15},"end":{"line":2,"column":32}},"2":{"start":{"line":3,"column":15},"end":{"line":3,"column":32}},"3":{"start":{"line":5,"column":0},"end":{"line":5,"column":16}},"4":{"start":{"line":6,"column":13},"end":{"line":6,"column":37}},"5":{"start":{"line":7,"column":13},"end":{"line":7,"column":37}},"6":{"start":{"line":10,"column":2},"end":{"line":14,"column":3}},"7":{"start":{"line":11,"column":4},"end":{"line":13,"column":6}},"8":{"start":{"line":16,"column":2},"end":{"line":19,"column":3}},"9":{"start":{"line":17,"column":4},"end":{"line":17,"column":51}},"10":{"start":{"line":18,"column":4},"end":{"line":18,"column":11}},"11":{"start":{"line":21,"column":2},"end":{"line":25,"column":4}},"12":{"start":{"line":29,"column":16},"end":{"line":29,"column":51}},"13":{"start":{"line":30,"column":18},"end":{"line":30,"column":20}},"14":{"start":{"line":33,"column":4},"end":{"line":37,"column":5}},"15":{"start":{"line":34,"column":6},"end":{"line":36,"column":44}},"16":{"start":{"line":39,"column":4},"end":{"line":43,"column":5}},"17":{"start":{"line":40,"column":6},"end":{"line":42,"column":44}},"18":{"start":{"line":45,"column":4},"end":{"line":45,"column":45}},"19":{"start":{"line":48,"column":2},"end":{"line":55,"column":3}},"20":{"start":{"line":48,"column":15},"end":{"line":48,"column":16}},"21":{"start":{"line":49,"column":23},"end":{"line":49,"column":74}},"22":{"start":{"line":51,"column":4},"end":{"line":54,"column":7}},"23":{"start":{"line":57,"column":2},"end":{"line":57,"column":17}},"24":{"start":{"line":61,"column":20},"end":{"line":82,"column":3}},"25":{"start":{"line":84,"column":2},"end":{"line":111,"column":5}},"26":{"start":{"line":85,"column":25},"end":{"line":85,"column":76}},"27":{"start":{"line":87,"column":15},"end":{"line":87,"column":23}},"28":{"start":{"line":89,"column":4},"end":{"line":96,"column":5}},"29":{"start":{"line":95,"column":6},"end":{"line":95,"column":20}},"30":{"start":{"line":98,"column":4},"end":{"line":100,"column":5}},"31":{"start":{"line":99,"column":6},"end":{"line":99,"column":19}},"32":{"start":{"line":102,"column":4},"end":{"line":110,"column":6}},"33":{"start":{"line":115,"column":2},"end":{"line":117,"column":3}},"34":{"start":{"line":116,"column":4},"end":{"line":116,"column":46}},"35":{"start":{"line":119,"column":2},"end":{"line":121,"column":3}},"36":{"start":{"line":120,"column":4},"end":{"line":120,"column":54}},"37":{"start":{"line":123,"column":25},"end":{"line":123,"column":56}},"38":{"start":{"line":125,"column":2},"end":{"line":132,"column":5}},"39":{"start":{"line":136,"column":2},"end":{"line":146,"column":3}},"40":{"start":{"line":137,"column":4},"end":{"line":137,"column":30}},"41":{"start":{"line":138,"column":4},"end":{"line":138,"column":37}},"42":{"start":{"line":140,"column":18},"end":{"line":140,"column":37}},"43":{"start":{"line":141,"column":21},"end":{"line":141,"column":49}},"44":{"start":{"line":143,"column":4},"end":{"line":143,"column":38}},"45":{"start":{"line":143,"column":31},"end":{"line":143,"column":36}},"46":{"start":{"line":145,"column":4},"end":{"line":145,"column":41}},"47":{"start":{"line":150,"column":22},"end":{"line":152,"column":29}},"48":{"start":{"line":154,"column":2},"end":{"line":156,"column":3}},"49":{"start":{"line":155,"column":4},"end":{"line":155,"column":58}},"50":{"start":{"line":158,"column":2},"end":{"line":158,"column":40}},"51":{"start":{"line":160,"column":2},"end":{"line":160,"column":28}},"52":{"start":{"line":162,"column":17},"end":{"line":162,"column":87}},"53":{"start":{"line":163,"column":17},"end":{"line":163,"column":84}},"54":{"start":{"line":164,"column":17},"end":{"line":164,"column":88}},"55":{"start":{"line":165,"column":17},"end":{"line":165,"column":89}},"56":{"start":{"line":166,"column":17},"end":{"line":166,"column":87}},"57":{"start":{"line":168,"column":16},"end":{"line":168,"column":56}},"58":{"start":{"line":169,"column":18},"end":{"line":169,"column":41}},"59":{"start":{"line":169,"column":35},"end":{"line":169,"column":40}},"60":{"start":{"line":171,"column":2},"end":{"line":171,"column":31}},"61":{"start":{"line":173,"column":24},"end":{"line":173,"column":51}},"62":{"start":{"line":175,"column":2},"end":{"line":175,"column":62}},"63":{"start":{"line":176,"column":2},"end":{"line":176,"column":85}},"64":{"start":{"line":177,"column":2},"end":{"line":177,"column":67}},"65":{"start":{"line":178,"column":2},"end":{"line":178,"column":67}},"66":{"start":{"line":179,"column":2},"end":{"line":179,"column":67}},"67":{"start":{"line":181,"column":2},"end":{"line":181,"column":34}},"68":{"start":{"line":183,"column":2},"end":{"line":183,"column":36}},"69":{"start":{"line":186,"column":0},"end":{"line":190,"column":1}},"70":{"start":{"line":187,"column":2},"end":{"line":189,"column":5}},"71":{"start":{"line":188,"column":4},"end":{"line":188,"column":35}},"72":{"start":{"line":192,"column":0},"end":{"line":192,"column":30}}},"fnMap":{"0":{"name":"favouriteRestaurantForUser","decl":{"start":{"line":9,"column":15},"end":{"line":9,"column":41}},"loc":{"start":{"line":9,"column":59},"end":{"line":26,"column":1}},"line":9},"1":{"name":"generateRatings","decl":{"start":{"line":28,"column":9},"end":{"line":28,"column":24}},"loc":{"start":{"line":28,"column":51},"end":{"line":58,"column":1}},"line":28},"2":{"name":"getRatingValue","decl":{"start":{"line":32,"column":11},"end":{"line":32,"column":25}},"loc":{"start":{"line":32,"column":28},"end":{"line":46,"column":3}},"line":32},"3":{"name":"buildPosts","decl":{"start":{"line":60,"column":9},"end":{"line":60,"column":19}},"loc":{"start":{"line":60,"column":29},"end":{"line":112,"column":1}},"line":60},"4":{"name":"(anonymous_4)","decl":{"start":{"line":84,"column":23},"end":{"line":84,"column":24}},"loc":{"start":{"line":84,"column":70},"end":{"line":111,"column":3}},"line":84},"5":{"name":"createUser","decl":{"start":{"line":114,"column":15},"end":{"line":114,"column":25}},"loc":{"start":{"line":114,"column":64},"end":{"line":133,"column":1}},"line":114},"6":{"name":"seedPostData","decl":{"start":{"line":135,"column":15},"end":{"line":135,"column":27}},"loc":{"start":{"line":135,"column":37},"end":{"line":147,"column":1}},"line":135},"7":{"name":"(anonymous_7)","decl":{"start":{"line":143,"column":24},"end":{"line":143,"column":25}},"loc":{"start":{"line":143,"column":31},"end":{"line":143,"column":36}},"line":143},"8":{"name":"seedDatabase","decl":{"start":{"line":149,"column":15},"end":{"line":149,"column":27}},"loc":{"start":{"line":149,"column":37},"end":{"line":184,"column":1}},"line":149},"9":{"name":"(anonymous_9)","decl":{"start":{"line":169,"column":28},"end":{"line":169,"column":29}},"loc":{"start":{"line":169,"column":35},"end":{"line":169,"column":40}},"line":169},"10":{"name":"(anonymous_10)","decl":{"start":{"line":187,"column":27},"end":{"line":187,"column":28}},"loc":{"start":{"line":187,"column":33},"end":{"line":189,"column":3}},"line":187}},"branchMap":{"0":{"loc":{"start":{"line":10,"column":2},"end":{"line":14,"column":3}},"type":"if","locations":[{"start":{"line":10,"column":2},"end":{"line":14,"column":3}},{"start":{},"end":{}}],"line":10},"1":{"loc":{"start":{"line":16,"column":2},"end":{"line":19,"column":3}},"type":"if","locations":[{"start":{"line":16,"column":2},"end":{"line":19,"column":3}},{"start":{},"end":{}}],"line":16},"2":{"loc":{"start":{"line":28,"column":34},"end":{"line":28,"column":49}},"type":"default-arg","locations":[{"start":{"line":28,"column":41},"end":{"line":28,"column":49}}],"line":28},"3":{"loc":{"start":{"line":33,"column":4},"end":{"line":37,"column":5}},"type":"if","locations":[{"start":{"line":33,"column":4},"end":{"line":37,"column":5}},{"start":{},"end":{}}],"line":33},"4":{"loc":{"start":{"line":34,"column":13},"end":{"line":36,"column":43}},"type":"cond-expr","locations":[{"start":{"line":35,"column":10},"end":{"line":35,"column":43}},{"start":{"line":36,"column":10},"end":{"line":36,"column":43}}],"line":34},"5":{"loc":{"start":{"line":39,"column":4},"end":{"line":43,"column":5}},"type":"if","locations":[{"start":{"line":39,"column":4},"end":{"line":43,"column":5}},{"start":{},"end":{}}],"line":39},"6":{"loc":{"start":{"line":40,"column":13},"end":{"line":42,"column":43}},"type":"cond-expr","locations":[{"start":{"line":41,"column":10},"end":{"line":41,"column":43}},{"start":{"line":42,"column":10},"end":{"line":42,"column":43}}],"line":40},"7":{"loc":{"start":{"line":89,"column":4},"end":{"line":96,"column":5}},"type":"if","locations":[{"start":{"line":89,"column":4},"end":{"line":96,"column":5}},{"start":{},"end":{}}],"line":89},"8":{"loc":{"start":{"line":90,"column":6},"end":{"line":93,"column":44}},"type":"binary-expr","locations":[{"start":{"line":90,"column":6},"end":{"line":90,"column":40}},{"start":{"line":91,"column":6},"end":{"line":91,"column":45}},{"start":{"line":92,"column":6},"end":{"line":92,"column":44}},{"start":{"line":93,"column":6},"end":{"line":93,"column":44}}],"line":90},"9":{"loc":{"start":{"line":98,"column":4},"end":{"line":100,"column":5}},"type":"if","locations":[{"start":{"line":98,"column":4},"end":{"line":100,"column":5}},{"start":{},"end":{}}],"line":98},"10":{"loc":{"start":{"line":115,"column":2},"end":{"line":117,"column":3}},"type":"if","locations":[{"start":{"line":115,"column":2},"end":{"line":117,"column":3}},{"start":{},"end":{}}],"line":115},"11":{"loc":{"start":{"line":119,"column":2},"end":{"line":121,"column":3}},"type":"if","locations":[{"start":{"line":119,"column":2},"end":{"line":121,"column":3}},{"start":{},"end":{}}],"line":119},"12":{"loc":{"start":{"line":119,"column":6},"end":{"line":119,"column":47}},"type":"binary-expr","locations":[{"start":{"line":119,"column":6},"end":{"line":119,"column":15}},{"start":{"line":119,"column":19},"end":{"line":119,"column":47}}],"line":119},"13":{"loc":{"start":{"line":150,"column":22},"end":{"line":152,"column":29}},"type":"cond-expr","locations":[{"start":{"line":151,"column":6},"end":{"line":151,"column":34}},{"start":{"line":152,"column":6},"end":{"line":152,"column":29}}],"line":150},"14":{"loc":{"start":{"line":154,"column":2},"end":{"line":156,"column":3}},"type":"if","locations":[{"start":{"line":154,"column":2},"end":{"line":156,"column":3}},{"start":{},"end":{}}],"line":154},"15":{"loc":{"start":{"line":186,"column":0},"end":{"line":190,"column":1}},"type":"if","locations":[{"start":{"line":186,"column":0},"end":{"line":190,"column":1}},{"start":{},"end":{}}],"line":186}},"s":{"0":5,"1":5,"2":5,"3":5,"4":5,"5":5,"6":25,"7":0,"8":25,"9":0,"10":0,"11":25,"12":100,"13":100,"14":2440,"15":599,"16":1841,"17":123,"18":1718,"19":100,"20":100,"21":2440,"22":2440,"23":100,"24":5,"25":5,"26":100,"27":100,"28":100,"29":25,"30":100,"31":5,"32":100,"33":25,"34":0,"35":25,"36":0,"37":25,"38":25,"39":5,"40":5,"41":5,"42":5,"43":5,"44":5,"45":100,"46":0,"47":5,"48":5,"49":0,"50":5,"51":5,"52":5,"53":5,"54":5,"55":5,"56":5,"57":5,"58":5,"59":25,"60":5,"61":5,"62":5,"63":5,"64":5,"65":5,"66":5,"67":5,"68":5,"69":5,"70":0,"71":0,"72":5},"f":{"0":25,"1":100,"2":2440,"3":5,"4":100,"5":25,"6":5,"7":100,"8":5,"9":25,"10":0},"b":{"0":[0,25],"1":[0,25],"2":[0],"3":[599,1841],"4":[407,192],"5":[123,1718],"6":[91,32],"7":[25,75],"8":[100,95,90,80],"9":[5,95],"10":[0,25],"11":[0,25],"12":[25,25],"13":[0,5],"14":[0,5],"15":[0,5]},"_coverageSchema":"1a1c01bbd47fc00a2c39e90264f33305004495a9","hash":"d2860611505cfe099b0108e6ea729f3056fe9c14"}
,"/Users/hardeep.kahlon/Projects/team-foodies-crust-pilot/api/controllers/authentication.js": {"path":"/Users/hardeep.kahlon/Projects/team-foodies-crust-pilot/api/controllers/authentication.js","statementMap":{"0":{"start":{"line":1,"column":13},"end":{"line":1,"column":38}},"1":{"start":{"line":2,"column":26},"end":{"line":2,"column":49}},"2":{"start":{"line":3,"column":15},"end":{"line":3,"column":32}},"3":{"start":{"line":5,"column":37},"end":{"line":8,"column":1}},"4":{"start":{"line":18,"column":2},"end":{"line":18,"column":49}},"5":{"start":{"line":19,"column":16},"end":{"line":19,"column":30}},"6":{"start":{"line":20,"column":19},"end":{"line":20,"column":36}},"7":{"start":{"line":22,"column":2},"end":{"line":28,"column":3}},"8":{"start":{"line":23,"column":4},"end":{"line":23,"column":80}},"9":{"start":{"line":24,"column":9},"end":{"line":28,"column":3}},"10":{"start":{"line":25,"column":4},"end":{"line":27,"column":63}},"11":{"start":{"line":30,"column":2},"end":{"line":57,"column":3}},"12":{"start":{"line":31,"column":17},"end":{"line":31,"column":53}},"13":{"start":{"line":32,"column":4},"end":{"line":36,"column":5}},"14":{"start":{"line":33,"column":6},"end":{"line":33,"column":71}},"15":{"start":{"line":34,"column":6},"end":{"line":34,"column":69}},"16":{"start":{"line":35,"column":6},"end":{"line":35,"column":13}},"17":{"start":{"line":38,"column":27},"end":{"line":38,"column":72}},"18":{"start":{"line":40,"column":4},"end":{"line":49,"column":5}},"19":{"start":{"line":41,"column":6},"end":{"line":41,"column":56}},"20":{"start":{"line":42,"column":24},"end":{"line":42,"column":46}},"21":{"start":{"line":43,"column":6},"end":{"line":47,"column":9}},"22":{"start":{"line":48,"column":6},"end":{"line":48,"column":13}},"23":{"start":{"line":51,"column":4},"end":{"line":51,"column":48}},"24":{"start":{"line":52,"column":4},"end":{"line":52,"column":78}},"25":{"start":{"line":54,"column":4},"end":{"line":54,"column":49}},"26":{"start":{"line":55,"column":4},"end":{"line":55,"column":23}},"27":{"start":{"line":56,"column":4},"end":{"line":56,"column":55}},"28":{"start":{"line":60,"column":33},"end":{"line":62,"column":1}},"29":{"start":{"line":64,"column":0},"end":{"line":64,"column":42}}},"fnMap":{"0":{"name":"createToken","decl":{"start":{"line":17,"column":15},"end":{"line":17,"column":26}},"loc":{"start":{"line":17,"column":37},"end":{"line":58,"column":1}},"line":17}},"branchMap":{"0":{"loc":{"start":{"line":22,"column":2},"end":{"line":28,"column":3}},"type":"if","locations":[{"start":{"line":22,"column":2},"end":{"line":28,"column":3}},{"start":{"line":24,"column":9},"end":{"line":28,"column":3}}],"line":22},"1":{"loc":{"start":{"line":24,"column":9},"end":{"line":28,"column":3}},"type":"if","locations":[{"start":{"line":24,"column":9},"end":{"line":28,"column":3}},{"start":{},"end":{}}],"line":24},"2":{"loc":{"start":{"line":32,"column":4},"end":{"line":36,"column":5}},"type":"if","locations":[{"start":{"line":32,"column":4},"end":{"line":36,"column":5}},{"start":{},"end":{}}],"line":32},"3":{"loc":{"start":{"line":40,"column":4},"end":{"line":49,"column":5}},"type":"if","locations":[{"start":{"line":40,"column":4},"end":{"line":49,"column":5}},{"start":{},"end":{}}],"line":40}},"s":{"0":4,"1":4,"2":4,"3":4,"4":5,"5":5,"6":5,"7":5,"8":0,"9":5,"10":0,"11":5,"12":5,"13":5,"14":1,"15":1,"16":1,"17":4,"18":4,"19":3,"20":3,"21":3,"22":3,"23":1,"24":1,"25":0,"26":0,"27":0,"28":4,"29":4},"f":{"0":5},"b":{"0":[0,5],"1":[0,5],"2":[1,4],"3":[3,1]},"_coverageSchema":"1a1c01bbd47fc00a2c39e90264f33305004495a9","hash":"9439b4035fdf4d316ade50ae064ecafd74e5ec42"}
,"/Users/hardeep.kahlon/Projects/team-foodies-crust-pilot/api/controllers/favourites.js": {"path":"/Users/hardeep.kahlon/Projects/team-foodies-crust-pilot/api/controllers/favourites.js","statementMap":{"0":{"start":{"line":1,"column":13},"end":{"line":1,"column":38}},"1":{"start":{"line":2,"column":39},"end":{"line":5,"column":1}},"2":{"start":{"line":11,"column":23},"end":{"line":11,"column":46}},"3":{"start":{"line":12,"column":17},"end":{"line":12,"column":28}},"4":{"start":{"line":13,"column":2},"end":{"line":19,"column":3}},"5":{"start":{"line":14,"column":4},"end":{"line":16,"column":6}},"6":{"start":{"line":17,"column":4},"end":{"line":17,"column":73}},"7":{"start":{"line":18,"column":4},"end":{"line":18,"column":11}},"8":{"start":{"line":21,"column":2},"end":{"line":54,"column":3}},"9":{"start":{"line":22,"column":23},"end":{"line":22,"column":57}},"10":{"start":{"line":23,"column":4},"end":{"line":33,"column":5}},"11":{"start":{"line":24,"column":6},"end":{"line":28,"column":8}},"12":{"start":{"line":29,"column":6},"end":{"line":31,"column":74}},"13":{"start":{"line":32,"column":6},"end":{"line":32,"column":13}},"14":{"start":{"line":35,"column":4},"end":{"line":39,"column":6}},"15":{"start":{"line":41,"column":4},"end":{"line":41,"column":58}},"16":{"start":{"line":43,"column":4},"end":{"line":43,"column":54}},"17":{"start":{"line":45,"column":4},"end":{"line":51,"column":6}},"18":{"start":{"line":52,"column":4},"end":{"line":52,"column":23}},"19":{"start":{"line":53,"column":4},"end":{"line":53,"column":57}},"20":{"start":{"line":61,"column":17},"end":{"line":61,"column":28}},"21":{"start":{"line":62,"column":2},"end":{"line":66,"column":3}},"22":{"start":{"line":63,"column":4},"end":{"line":63,"column":65}},"23":{"start":{"line":64,"column":4},"end":{"line":64,"column":72}},"24":{"start":{"line":65,"column":4},"end":{"line":65,"column":11}},"25":{"start":{"line":68,"column":2},"end":{"line":68,"column":65}},"26":{"start":{"line":69,"column":2},"end":{"line":113,"column":3}},"27":{"start":{"line":70,"column":23},"end":{"line":70,"column":57}},"28":{"start":{"line":71,"column":4},"end":{"line":75,"column":5}},"29":{"start":{"line":72,"column":6},"end":{"line":72,"column":79}},"30":{"start":{"line":73,"column":6},"end":{"line":73,"column":69}},"31":{"start":{"line":74,"column":6},"end":{"line":74,"column":13}},"32":{"start":{"line":77,"column":25},"end":{"line":82,"column":13}},"33":{"start":{"line":84,"column":33},"end":{"line":84,"column":74}},"34":{"start":{"line":85,"column":4},"end":{"line":92,"column":5}},"35":{"start":{"line":86,"column":6},"end":{"line":90,"column":9}},"36":{"start":{"line":91,"column":6},"end":{"line":91,"column":13}},"37":{"start":{"line":94,"column":31},"end":{"line":101,"column":6}},"38":{"start":{"line":95,"column":22},"end":{"line":95,"column":54}},"39":{"start":{"line":95,"column":46},"end":{"line":95,"column":53}},"40":{"start":{"line":96,"column":24},"end":{"line":96,"column":46}},"41":{"start":{"line":97,"column":6},"end":{"line":100,"column":8}},"42":{"start":{"line":102,"column":4},"end":{"line":106,"column":7}},"43":{"start":{"line":107,"column":4},"end":{"line":107,"column":48}},"44":{"start":{"line":108,"column":4},"end":{"line":108,"column":11}},"45":{"start":{"line":110,"column":4},"end":{"line":110,"column":57}},"46":{"start":{"line":111,"column":4},"end":{"line":111,"column":23}},"47":{"start":{"line":112,"column":4},"end":{"line":112,"column":57}},"48":{"start":{"line":118,"column":4},"end":{"line":118,"column":67}},"49":{"start":{"line":118,"column":35},"end":{"line":118,"column":46}},"50":{"start":{"line":119,"column":2},"end":{"line":119,"column":31}},"51":{"start":{"line":126,"column":17},"end":{"line":126,"column":28}},"52":{"start":{"line":127,"column":27},"end":{"line":127,"column":37}},"53":{"start":{"line":129,"column":2},"end":{"line":132,"column":3}},"54":{"start":{"line":130,"column":4},"end":{"line":130,"column":66}},"55":{"start":{"line":131,"column":4},"end":{"line":131,"column":79}},"56":{"start":{"line":134,"column":2},"end":{"line":138,"column":3}},"57":{"start":{"line":135,"column":4},"end":{"line":137,"column":65}},"58":{"start":{"line":140,"column":2},"end":{"line":140,"column":68}},"59":{"start":{"line":142,"column":2},"end":{"line":168,"column":3}},"60":{"start":{"line":143,"column":23},"end":{"line":143,"column":57}},"61":{"start":{"line":144,"column":4},"end":{"line":147,"column":5}},"62":{"start":{"line":145,"column":6},"end":{"line":145,"column":67}},"63":{"start":{"line":146,"column":6},"end":{"line":146,"column":76}},"64":{"start":{"line":150,"column":4},"end":{"line":158,"column":6}},"65":{"start":{"line":160,"column":4},"end":{"line":163,"column":7}},"66":{"start":{"line":165,"column":4},"end":{"line":165,"column":57}},"67":{"start":{"line":166,"column":4},"end":{"line":166,"column":23}},"68":{"start":{"line":167,"column":4},"end":{"line":167,"column":64}},"69":{"start":{"line":171,"column":0},"end":{"line":171,"column":78}}},"fnMap":{"0":{"name":"addToFavourites","decl":{"start":{"line":10,"column":15},"end":{"line":10,"column":30}},"loc":{"start":{"line":10,"column":41},"end":{"line":55,"column":1}},"line":10},"1":{"name":"getFavouritesData","decl":{"start":{"line":60,"column":15},"end":{"line":60,"column":32}},"loc":{"start":{"line":60,"column":43},"end":{"line":114,"column":1}},"line":60},"2":{"name":"(anonymous_2)","decl":{"start":{"line":94,"column":56},"end":{"line":94,"column":57}},"loc":{"start":{"line":94,"column":66},"end":{"line":101,"column":5}},"line":94},"3":{"name":"(anonymous_3)","decl":{"start":{"line":95,"column":39},"end":{"line":95,"column":40}},"loc":{"start":{"line":95,"column":46},"end":{"line":95,"column":53}},"line":95},"4":{"name":"calcAvgRating","decl":{"start":{"line":116,"column":9},"end":{"line":116,"column":22}},"loc":{"start":{"line":116,"column":32},"end":{"line":120,"column":1}},"line":116},"5":{"name":"(anonymous_5)","decl":{"start":{"line":118,"column":19},"end":{"line":118,"column":20}},"loc":{"start":{"line":118,"column":35},"end":{"line":118,"column":46}},"line":118},"6":{"name":"removeFromFavourites","decl":{"start":{"line":125,"column":15},"end":{"line":125,"column":35}},"loc":{"start":{"line":125,"column":46},"end":{"line":169,"column":1}},"line":125}},"branchMap":{"0":{"loc":{"start":{"line":13,"column":2},"end":{"line":19,"column":3}},"type":"if","locations":[{"start":{"line":13,"column":2},"end":{"line":19,"column":3}},{"start":{},"end":{}}],"line":13},"1":{"loc":{"start":{"line":23,"column":4},"end":{"line":33,"column":5}},"type":"if","locations":[{"start":{"line":23,"column":4},"end":{"line":33,"column":5}},{"start":{},"end":{}}],"line":23},"2":{"loc":{"start":{"line":62,"column":2},"end":{"line":66,"column":3}},"type":"if","locations":[{"start":{"line":62,"column":2},"end":{"line":66,"column":3}},{"start":{},"end":{}}],"line":62},"3":{"loc":{"start":{"line":71,"column":4},"end":{"line":75,"column":5}},"type":"if","locations":[{"start":{"line":71,"column":4},"end":{"line":75,"column":5}},{"start":{},"end":{}}],"line":71},"4":{"loc":{"start":{"line":85,"column":4},"end":{"line":92,"column":5}},"type":"if","locations":[{"start":{"line":85,"column":4},"end":{"line":92,"column":5}},{"start":{},"end":{}}],"line":85},"5":{"loc":{"start":{"line":85,"column":8},"end":{"line":85,"column":65}},"type":"binary-expr","locations":[{"start":{"line":85,"column":8},"end":{"line":85,"column":29}},{"start":{"line":85,"column":33},"end":{"line":85,"column":65}}],"line":85},"6":{"loc":{"start":{"line":129,"column":2},"end":{"line":132,"column":3}},"type":"if","locations":[{"start":{"line":129,"column":2},"end":{"line":132,"column":3}},{"start":{},"end":{}}],"line":129},"7":{"loc":{"start":{"line":134,"column":2},"end":{"line":138,"column":3}},"type":"if","locations":[{"start":{"line":134,"column":2},"end":{"line":138,"column":3}},{"start":{},"end":{}}],"line":134},"8":{"loc":{"start":{"line":144,"column":4},"end":{"line":147,"column":5}},"type":"if","locations":[{"start":{"line":144,"column":4},"end":{"line":147,"column":5}},{"start":{},"end":{}}],"line":144}},"s":{"0":4,"1":4,"2":0,"3":0,"4":0,"5":0,"6":0,"7":0,"8":0,"9":0,"10":0,"11":0,"12":0,"13":0,"14":0,"15":0,"16":0,"17":0,"18":0,"19":0,"20":2,"21":2,"22":0,"23":0,"24":0,"25":2,"26":2,"27":2,"28":2,"29":0,"30":0,"31":0,"32":2,"33":2,"34":2,"35":0,"36":0,"37":2,"38":2,"39":2,"40":2,"41":2,"42":2,"43":2,"44":2,"45":0,"46":0,"47":0,"48":2,"49":2,"50":2,"51":1,"52":1,"53":1,"54":0,"55":0,"56":1,"57":0,"58":1,"59":1,"60":1,"61":1,"62":0,"63":0,"64":1,"65":1,"66":0,"67":0,"68":0,"69":4},"f":{"0":0,"1":2,"2":2,"3":2,"4":2,"5":2,"6":1},"b":{"0":[0,0],"1":[0,0],"2":[0,2],"3":[0,2],"4":[0,2],"5":[2,2],"6":[0,1],"7":[0,1],"8":[0,1]},"_coverageSchema":"1a1c01bbd47fc00a2c39e90264f33305004495a9","hash":"8eccb4756daf1b75d20b5737e3775ec4077b0596"}
,"/Users/hardeep.kahlon/Projects/team-foodies-crust-pilot/api/controllers/posts.js": {"path":"/Users/hardeep.kahlon/Projects/team-foodies-crust-pilot/api/controllers/posts.js","statementMap":{"0":{"start":{"line":1,"column":13},"end":{"line":1,"column":38}},"1":{"start":{"line":2,"column":26},"end":{"line":2,"column":49}},"2":{"start":{"line":3,"column":13},"end":{"line":3,"column":38}},"3":{"start":{"line":6,"column":2},"end":{"line":13,"column":3}},"4":{"start":{"line":7,"column":18},"end":{"line":7,"column":35}},"5":{"start":{"line":9,"column":4},"end":{"line":9,"column":36}},"6":{"start":{"line":11,"column":4},"end":{"line":11,"column":25}},"7":{"start":{"line":12,"column":4},"end":{"line":12,"column":54}},"8":{"start":{"line":17,"column":2},"end":{"line":33,"column":3}},"9":{"start":{"line":18,"column":19},"end":{"line":18,"column":29}},"10":{"start":{"line":19,"column":17},"end":{"line":19,"column":40}},"11":{"start":{"line":21,"column":4},"end":{"line":23,"column":5}},"12":{"start":{"line":22,"column":6},"end":{"line":22,"column":77}},"13":{"start":{"line":25,"column":4},"end":{"line":25,"column":77}},"14":{"start":{"line":27,"column":4},"end":{"line":27,"column":61}},"15":{"start":{"line":28,"column":4},"end":{"line":28,"column":36}},"16":{"start":{"line":29,"column":4},"end":{"line":32,"column":7}},"17":{"start":{"line":36,"column":39},"end":{"line":39,"column":1}},"18":{"start":{"line":45,"column":17},"end":{"line":45,"column":28}},"19":{"start":{"line":46,"column":2},"end":{"line":50,"column":3}},"20":{"start":{"line":47,"column":4},"end":{"line":47,"column":64}},"21":{"start":{"line":48,"column":4},"end":{"line":48,"column":72}},"22":{"start":{"line":49,"column":4},"end":{"line":49,"column":11}},"23":{"start":{"line":52,"column":2},"end":{"line":52,"column":64}},"24":{"start":{"line":53,"column":2},"end":{"line":86,"column":3}},"25":{"start":{"line":54,"column":23},"end":{"line":54,"column":57}},"26":{"start":{"line":55,"column":4},"end":{"line":59,"column":5}},"27":{"start":{"line":56,"column":6},"end":{"line":56,"column":79}},"28":{"start":{"line":57,"column":6},"end":{"line":57,"column":69}},"29":{"start":{"line":58,"column":6},"end":{"line":58,"column":13}},"30":{"start":{"line":61,"column":25},"end":{"line":64,"column":5}},"31":{"start":{"line":66,"column":33},"end":{"line":66,"column":74}},"32":{"start":{"line":67,"column":4},"end":{"line":74,"column":5}},"33":{"start":{"line":68,"column":6},"end":{"line":72,"column":9}},"34":{"start":{"line":73,"column":6},"end":{"line":73,"column":13}},"35":{"start":{"line":76,"column":4},"end":{"line":80,"column":7}},"36":{"start":{"line":81,"column":4},"end":{"line":81,"column":11}},"37":{"start":{"line":83,"column":4},"end":{"line":83,"column":49}},"38":{"start":{"line":84,"column":4},"end":{"line":84,"column":23}},"39":{"start":{"line":85,"column":4},"end":{"line":85,"column":57}},"40":{"start":{"line":93,"column":17},"end":{"line":93,"column":28}},"41":{"start":{"line":94,"column":27},"end":{"line":94,"column":37}},"42":{"start":{"line":96,"column":2},"end":{"line":99,"column":3}},"43":{"start":{"line":97,"column":4},"end":{"line":97,"column":66}},"44":{"start":{"line":98,"column":4},"end":{"line":98,"column":79}},"45":{"start":{"line":101,"column":2},"end":{"line":105,"column":3}},"46":{"start":{"line":102,"column":4},"end":{"line":104,"column":65}},"47":{"start":{"line":107,"column":2},"end":{"line":107,"column":68}},"48":{"start":{"line":109,"column":2},"end":{"line":135,"column":3}},"49":{"start":{"line":110,"column":23},"end":{"line":110,"column":57}},"50":{"start":{"line":111,"column":4},"end":{"line":114,"column":5}},"51":{"start":{"line":112,"column":6},"end":{"line":112,"column":67}},"52":{"start":{"line":113,"column":6},"end":{"line":113,"column":76}},"53":{"start":{"line":117,"column":4},"end":{"line":125,"column":6}},"54":{"start":{"line":127,"column":4},"end":{"line":130,"column":7}},"55":{"start":{"line":132,"column":4},"end":{"line":132,"column":57}},"56":{"start":{"line":133,"column":4},"end":{"line":133,"column":23}},"57":{"start":{"line":134,"column":4},"end":{"line":134,"column":64}},"58":{"start":{"line":139,"column":19},"end":{"line":175,"column":1}},"59":{"start":{"line":140,"column":2},"end":{"line":174,"column":3}},"60":{"start":{"line":142,"column":57},"end":{"line":142,"column":65}},"61":{"start":{"line":144,"column":18},"end":{"line":146,"column":10}},"62":{"start":{"line":150,"column":20},"end":{"line":160,"column":6}},"63":{"start":{"line":162,"column":4},"end":{"line":162,"column":25}},"64":{"start":{"line":164,"column":18},"end":{"line":164,"column":44}},"65":{"start":{"line":166,"column":4},"end":{"line":170,"column":7}},"66":{"start":{"line":172,"column":4},"end":{"line":172,"column":48}},"67":{"start":{"line":173,"column":4},"end":{"line":173,"column":61}},"68":{"start":{"line":178,"column":2},"end":{"line":205,"column":3}},"69":{"start":{"line":179,"column":23},"end":{"line":179,"column":31}},"70":{"start":{"line":180,"column":19},"end":{"line":180,"column":32}},"71":{"start":{"line":181,"column":19},"end":{"line":181,"column":30}},"72":{"start":{"line":183,"column":17},"end":{"line":183,"column":44}},"73":{"start":{"line":185,"column":4},"end":{"line":187,"column":5}},"74":{"start":{"line":186,"column":6},"end":{"line":186,"column":65}},"75":{"start":{"line":189,"column":27},"end":{"line":191,"column":5}},"76":{"start":{"line":190,"column":13},"end":{"line":190,"column":41}},"77":{"start":{"line":193,"column":4},"end":{"line":197,"column":5}},"78":{"start":{"line":194,"column":6},"end":{"line":194,"column":36}},"79":{"start":{"line":196,"column":6},"end":{"line":196,"column":57}},"80":{"start":{"line":199,"column":4},"end":{"line":199,"column":22}},"81":{"start":{"line":201,"column":4},"end":{"line":201,"column":35}},"82":{"start":{"line":203,"column":4},"end":{"line":203,"column":21}},"83":{"start":{"line":204,"column":4},"end":{"line":204,"column":59}},"84":{"start":{"line":208,"column":24},"end":{"line":215,"column":1}},"85":{"start":{"line":217,"column":0},"end":{"line":217,"column":33}}},"fnMap":{"0":{"name":"getAllPosts","decl":{"start":{"line":5,"column":15},"end":{"line":5,"column":26}},"loc":{"start":{"line":5,"column":37},"end":{"line":14,"column":1}},"line":5},"1":{"name":"getPostById","decl":{"start":{"line":16,"column":15},"end":{"line":16,"column":26}},"loc":{"start":{"line":16,"column":37},"end":{"line":34,"column":1}},"line":16},"2":{"name":"getFavouritesData","decl":{"start":{"line":44,"column":15},"end":{"line":44,"column":32}},"loc":{"start":{"line":44,"column":43},"end":{"line":87,"column":1}},"line":44},"3":{"name":"removeFavouriteRestaurant","decl":{"start":{"line":92,"column":15},"end":{"line":92,"column":40}},"loc":{"start":{"line":92,"column":51},"end":{"line":136,"column":1}},"line":92},"4":{"name":"(anonymous_4)","decl":{"start":{"line":139,"column":19},"end":{"line":139,"column":20}},"loc":{"start":{"line":139,"column":39},"end":{"line":175,"column":1}},"line":139},"5":{"name":"ratePost","decl":{"start":{"line":177,"column":15},"end":{"line":177,"column":23}},"loc":{"start":{"line":177,"column":34},"end":{"line":206,"column":1}},"line":177},"6":{"name":"(anonymous_6)","decl":{"start":{"line":190,"column":6},"end":{"line":190,"column":7}},"loc":{"start":{"line":190,"column":13},"end":{"line":190,"column":41}},"line":190}},"branchMap":{"0":{"loc":{"start":{"line":21,"column":4},"end":{"line":23,"column":5}},"type":"if","locations":[{"start":{"line":21,"column":4},"end":{"line":23,"column":5}},{"start":{},"end":{}}],"line":21},"1":{"loc":{"start":{"line":46,"column":2},"end":{"line":50,"column":3}},"type":"if","locations":[{"start":{"line":46,"column":2},"end":{"line":50,"column":3}},{"start":{},"end":{}}],"line":46},"2":{"loc":{"start":{"line":55,"column":4},"end":{"line":59,"column":5}},"type":"if","locations":[{"start":{"line":55,"column":4},"end":{"line":59,"column":5}},{"start":{},"end":{}}],"line":55},"3":{"loc":{"start":{"line":67,"column":4},"end":{"line":74,"column":5}},"type":"if","locations":[{"start":{"line":67,"column":4},"end":{"line":74,"column":5}},{"start":{},"end":{}}],"line":67},"4":{"loc":{"start":{"line":67,"column":8},"end":{"line":67,"column":65}},"type":"binary-expr","locations":[{"start":{"line":67,"column":8},"end":{"line":67,"column":29}},{"start":{"line":67,"column":33},"end":{"line":67,"column":65}}],"line":67},"5":{"loc":{"start":{"line":96,"column":2},"end":{"line":99,"column":3}},"type":"if","locations":[{"start":{"line":96,"column":2},"end":{"line":99,"column":3}},{"start":{},"end":{}}],"line":96},"6":{"loc":{"start":{"line":101,"column":2},"end":{"line":105,"column":3}},"type":"if","locations":[{"start":{"line":101,"column":2},"end":{"line":105,"column":3}},{"start":{},"end":{}}],"line":101},"7":{"loc":{"start":{"line":111,"column":4},"end":{"line":114,"column":5}},"type":"if","locations":[{"start":{"line":111,"column":4},"end":{"line":114,"column":5}},{"start":{},"end":{}}],"line":111},"8":{"loc":{"start":{"line":144,"column":18},"end":{"line":146,"column":10}},"type":"cond-expr","locations":[{"start":{"line":145,"column":8},"end":{"line":145,"column":75}},{"start":{"line":146,"column":8},"end":{"line":146,"column":10}}],"line":144},"9":{"loc":{"start":{"line":157,"column":15},"end":{"line":159,"column":12}},"type":"cond-expr","locations":[{"start":{"line":158,"column":10},"end":{"line":158,"column":56}},{"start":{"line":159,"column":10},"end":{"line":159,"column":12}}],"line":157},"10":{"loc":{"start":{"line":185,"column":4},"end":{"line":187,"column":5}},"type":"if","locations":[{"start":{"line":185,"column":4},"end":{"line":187,"column":5}},{"start":{},"end":{}}],"line":185},"11":{"loc":{"start":{"line":193,"column":4},"end":{"line":197,"column":5}},"type":"if","locations":[{"start":{"line":193,"column":4},"end":{"line":197,"column":5}},{"start":{"line":195,"column":11},"end":{"line":197,"column":5}}],"line":193}},"s":{"0":5,"1":5,"2":5,"3":1,"4":1,"5":1,"6":0,"7":0,"8":1,"9":1,"10":1,"11":1,"12":1,"13":0,"14":0,"15":0,"16":0,"17":5,"18":0,"19":0,"20":0,"21":0,"22":0,"23":0,"24":0,"25":0,"26":0,"27":0,"28":0,"29":0,"30":0,"31":0,"32":0,"33":0,"34":0,"35":0,"36":0,"37":0,"38":0,"39":0,"40":0,"41":0,"42":0,"43":0,"44":0,"45":0,"46":0,"47":0,"48":0,"49":0,"50":0,"51":0,"52":0,"53":0,"54":0,"55":0,"56":0,"57":0,"58":5,"59":1,"60":1,"61":1,"62":1,"63":1,"64":1,"65":1,"66":0,"67":0,"68":1,"69":1,"70":1,"71":1,"72":1,"73":1,"74":1,"75":0,"76":0,"77":0,"78":0,"79":0,"80":0,"81":0,"82":0,"83":0,"84":5,"85":5},"f":{"0":1,"1":1,"2":0,"3":0,"4":1,"5":1,"6":0},"b":{"0":[1,0],"1":[0,0],"2":[0,0],"3":[0,0],"4":[0,0],"5":[0,0],"6":[0,0],"7":[0,0],"8":[0,1],"9":[1,0],"10":[1,0],"11":[0,0]},"_coverageSchema":"1a1c01bbd47fc00a2c39e90264f33305004495a9","hash":"44620b245221a4a8582b8f737c589aa20c24e4e7"}
,"/Users/hardeep.kahlon/Projects/team-foodies-crust-pilot/api/controllers/search.js": {"path":"/Users/hardeep.kahlon/Projects/team-foodies-crust-pilot/api/controllers/search.js","statementMap":{"0":{"start":{"line":1,"column":13},"end":{"line":1,"column":38}},"1":{"start":{"line":2,"column":26},"end":{"line":2,"column":49}},"2":{"start":{"line":5,"column":2},"end":{"line":40,"column":3}},"3":{"start":{"line":6,"column":28},"end":{"line":6,"column":37}},"4":{"start":{"line":8,"column":4},"end":{"line":12,"column":5}},"5":{"start":{"line":9,"column":6},"end":{"line":11,"column":66}},"6":{"start":{"line":14,"column":20},"end":{"line":19,"column":29}},"7":{"start":{"line":21,"column":4},"end":{"line":26,"column":5}},"8":{"start":{"line":22,"column":6},"end":{"line":25,"column":9}},"9":{"start":{"line":28,"column":4},"end":{"line":32,"column":7}},"10":{"start":{"line":34,"column":4},"end":{"line":34,"column":70}},"11":{"start":{"line":35,"column":4},"end":{"line":35,"column":36}},"12":{"start":{"line":36,"column":4},"end":{"line":39,"column":7}},"13":{"start":{"line":43,"column":25},"end":{"line":45,"column":1}},"14":{"start":{"line":47,"column":0},"end":{"line":47,"column":34}}},"fnMap":{"0":{"name":"searchPlaces","decl":{"start":{"line":4,"column":15},"end":{"line":4,"column":27}},"loc":{"start":{"line":4,"column":38},"end":{"line":41,"column":1}},"line":4}},"branchMap":{"0":{"loc":{"start":{"line":8,"column":4},"end":{"line":12,"column":5}},"type":"if","locations":[{"start":{"line":8,"column":4},"end":{"line":12,"column":5}},{"start":{},"end":{}}],"line":8},"1":{"loc":{"start":{"line":21,"column":4},"end":{"line":26,"column":5}},"type":"if","locations":[{"start":{"line":21,"column":4},"end":{"line":26,"column":5}},{"start":{},"end":{}}],"line":21}},"s":{"0":4,"1":4,"2":13,"3":13,"4":13,"5":2,"6":11,"7":11,"8":2,"9":9,"10":0,"11":0,"12":0,"13":4,"14":4},"f":{"0":13},"b":{"0":[2,11],"1":[2,9]},"_coverageSchema":"1a1c01bbd47fc00a2c39e90264f33305004495a9","hash":"338b25a9da169a2d92256723ae878154bd9b65ae"}
,"/Users/hardeep.kahlon/Projects/team-foodies-crust-pilot/api/controllers/users.js": {"path":"/Users/hardeep.kahlon/Projects/team-foodies-crust-pilot/api/controllers/users.js","statementMap":{"0":{"start":{"line":1,"column":26},"end":{"line":1,"column":49}},"1":{"start":{"line":2,"column":13},"end":{"line":2,"column":38}},"2":{"start":{"line":3,"column":15},"end":{"line":3,"column":32}},"3":{"start":{"line":6,"column":16},"end":{"line":6,"column":30}},"4":{"start":{"line":7,"column":19},"end":{"line":7,"column":36}},"5":{"start":{"line":9,"column":15},"end":{"line":9,"column":44}},"6":{"start":{"line":10,"column":2},"end":{"line":19,"column":7}},"7":{"start":{"line":13,"column":6},"end":{"line":13,"column":60}},"8":{"start":{"line":14,"column":6},"end":{"line":14,"column":46}},"9":{"start":{"line":17,"column":6},"end":{"line":17,"column":25}},"10":{"start":{"line":18,"column":6},"end":{"line":18,"column":64}},"11":{"start":{"line":22,"column":25},"end":{"line":22,"column":26}},"12":{"start":{"line":23,"column":28},"end":{"line":23,"column":29}},"13":{"start":{"line":24,"column":28},"end":{"line":24,"column":30}},"14":{"start":{"line":25,"column":37},"end":{"line":28,"column":1}},"15":{"start":{"line":34,"column":2},"end":{"line":87,"column":3}},"16":{"start":{"line":35,"column":52},"end":{"line":35,"column":60}},"17":{"start":{"line":36,"column":4},"end":{"line":44,"column":5}},"18":{"start":{"line":37,"column":6},"end":{"line":37,"column":64}},"19":{"start":{"line":38,"column":6},"end":{"line":38,"column":75}},"20":{"start":{"line":39,"column":6},"end":{"line":39,"column":13}},"21":{"start":{"line":40,"column":11},"end":{"line":44,"column":5}},"22":{"start":{"line":41,"column":6},"end":{"line":41,"column":67}},"23":{"start":{"line":42,"column":6},"end":{"line":42,"column":78}},"24":{"start":{"line":43,"column":6},"end":{"line":43,"column":13}},"25":{"start":{"line":46,"column":4},"end":{"line":52,"column":5}},"26":{"start":{"line":47,"column":6},"end":{"line":47,"column":42}},"27":{"start":{"line":48,"column":6},"end":{"line":50,"column":69}},"28":{"start":{"line":51,"column":6},"end":{"line":51,"column":13}},"29":{"start":{"line":53,"column":4},"end":{"line":60,"column":5}},"30":{"start":{"line":54,"column":6},"end":{"line":54,"column":48}},"31":{"start":{"line":55,"column":6},"end":{"line":58,"column":9}},"32":{"start":{"line":59,"column":6},"end":{"line":59,"column":13}},"33":{"start":{"line":62,"column":24},"end":{"line":62,"column":59}},"34":{"start":{"line":63,"column":4},"end":{"line":69,"column":5}},"35":{"start":{"line":64,"column":6},"end":{"line":64,"column":42}},"36":{"start":{"line":65,"column":6},"end":{"line":67,"column":75}},"37":{"start":{"line":68,"column":6},"end":{"line":68,"column":13}},"38":{"start":{"line":70,"column":27},"end":{"line":70,"column":75}},"39":{"start":{"line":71,"column":20},"end":{"line":79,"column":6}},"40":{"start":{"line":81,"column":4},"end":{"line":81,"column":61}},"41":{"start":{"line":82,"column":4},"end":{"line":82,"column":54}},"42":{"start":{"line":84,"column":4},"end":{"line":84,"column":42}},"43":{"start":{"line":85,"column":4},"end":{"line":85,"column":23}},"44":{"start":{"line":86,"column":4},"end":{"line":86,"column":55}},"45":{"start":{"line":91,"column":23},"end":{"line":91,"column":49}},"46":{"start":{"line":92,"column":2},"end":{"line":97,"column":3}},"47":{"start":{"line":96,"column":4},"end":{"line":96,"column":16}},"48":{"start":{"line":99,"column":2},"end":{"line":99,"column":15}},"49":{"start":{"line":104,"column":2},"end":{"line":106,"column":3}},"50":{"start":{"line":105,"column":4},"end":{"line":105,"column":16}},"51":{"start":{"line":108,"column":2},"end":{"line":108,"column":15}},"52":{"start":{"line":112,"column":17},"end":{"line":112,"column":28}},"53":{"start":{"line":113,"column":19},"end":{"line":113,"column":40}},"54":{"start":{"line":114,"column":15},"end":{"line":114,"column":42}},"55":{"start":{"line":116,"column":2},"end":{"line":118,"column":74}},"56":{"start":{"line":122,"column":2},"end":{"line":164,"column":3}},"57":{"start":{"line":123,"column":19},"end":{"line":123,"column":30}},"58":{"start":{"line":124,"column":17},"end":{"line":124,"column":44}},"59":{"start":{"line":126,"column":4},"end":{"line":128,"column":5}},"60":{"start":{"line":127,"column":6},"end":{"line":127,"column":65}},"61":{"start":{"line":130,"column":48},"end":{"line":130,"column":56}},"62":{"start":{"line":132,"column":4},"end":{"line":134,"column":5}},"63":{"start":{"line":133,"column":6},"end":{"line":133,"column":25}},"64":{"start":{"line":136,"column":4},"end":{"line":138,"column":5}},"65":{"start":{"line":137,"column":6},"end":{"line":137,"column":41}},"66":{"start":{"line":140,"column":4},"end":{"line":142,"column":5}},"67":{"start":{"line":141,"column":6},"end":{"line":141,"column":39}},"68":{"start":{"line":144,"column":4},"end":{"line":146,"column":5}},"69":{"start":{"line":145,"column":6},"end":{"line":145,"column":29}},"70":{"start":{"line":148,"column":4},"end":{"line":150,"column":5}},"71":{"start":{"line":149,"column":6},"end":{"line":149,"column":64}},"72":{"start":{"line":152,"column":4},"end":{"line":152,"column":22}},"73":{"start":{"line":154,"column":21},"end":{"line":154,"column":42}},"74":{"start":{"line":156,"column":4},"end":{"line":160,"column":7}},"75":{"start":{"line":162,"column":4},"end":{"line":162,"column":23}},"76":{"start":{"line":163,"column":4},"end":{"line":163,"column":63}},"77":{"start":{"line":172,"column":2},"end":{"line":203,"column":3}},"78":{"start":{"line":173,"column":19},"end":{"line":173,"column":30}},"79":{"start":{"line":174,"column":17},"end":{"line":174,"column":44}},"80":{"start":{"line":175,"column":47},"end":{"line":175,"column":55}},"81":{"start":{"line":178,"column":20},"end":{"line":178,"column":73}},"82":{"start":{"line":179,"column":4},"end":{"line":181,"column":5}},"83":{"start":{"line":180,"column":6},"end":{"line":180,"column":77}},"84":{"start":{"line":184,"column":4},"end":{"line":188,"column":5}},"85":{"start":{"line":185,"column":6},"end":{"line":187,"column":9}},"86":{"start":{"line":191,"column":30},"end":{"line":194,"column":5}},"87":{"start":{"line":195,"column":4},"end":{"line":195,"column":38}},"88":{"start":{"line":196,"column":4},"end":{"line":196,"column":22}},"89":{"start":{"line":198,"column":4},"end":{"line":200,"column":68}},"90":{"start":{"line":202,"column":4},"end":{"line":202,"column":54}},"91":{"start":{"line":206,"column":24},"end":{"line":212,"column":1}},"92":{"start":{"line":214,"column":0},"end":{"line":214,"column":33}}},"fnMap":{"0":{"name":"create","decl":{"start":{"line":5,"column":9},"end":{"line":5,"column":15}},"loc":{"start":{"line":5,"column":26},"end":{"line":20,"column":1}},"line":5},"1":{"name":"(anonymous_1)","decl":{"start":{"line":12,"column":10},"end":{"line":12,"column":11}},"loc":{"start":{"line":12,"column":20},"end":{"line":15,"column":5}},"line":12},"2":{"name":"(anonymous_2)","decl":{"start":{"line":16,"column":11},"end":{"line":16,"column":12}},"loc":{"start":{"line":16,"column":20},"end":{"line":19,"column":5}},"line":16},"3":{"name":"createUser","decl":{"start":{"line":33,"column":15},"end":{"line":33,"column":25}},"loc":{"start":{"line":33,"column":36},"end":{"line":88,"column":1}},"line":33},"4":{"name":"emailIsValid","decl":{"start":{"line":90,"column":9},"end":{"line":90,"column":21}},"loc":{"start":{"line":90,"column":29},"end":{"line":100,"column":1}},"line":90},"5":{"name":"passwordIsValid","decl":{"start":{"line":102,"column":9},"end":{"line":102,"column":24}},"loc":{"start":{"line":102,"column":35},"end":{"line":109,"column":1}},"line":102},"6":{"name":"getUserProfile","decl":{"start":{"line":111,"column":15},"end":{"line":111,"column":29}},"loc":{"start":{"line":111,"column":40},"end":{"line":119,"column":1}},"line":111},"7":{"name":"editUserProfile","decl":{"start":{"line":121,"column":15},"end":{"line":121,"column":30}},"loc":{"start":{"line":121,"column":41},"end":{"line":165,"column":1}},"line":121},"8":{"name":"editUserPassword","decl":{"start":{"line":171,"column":15},"end":{"line":171,"column":31}},"loc":{"start":{"line":171,"column":42},"end":{"line":204,"column":1}},"line":171}},"branchMap":{"0":{"loc":{"start":{"line":36,"column":4},"end":{"line":44,"column":5}},"type":"if","locations":[{"start":{"line":36,"column":4},"end":{"line":44,"column":5}},{"start":{"line":40,"column":11},"end":{"line":44,"column":5}}],"line":36},"1":{"loc":{"start":{"line":40,"column":11},"end":{"line":44,"column":5}},"type":"if","locations":[{"start":{"line":40,"column":11},"end":{"line":44,"column":5}},{"start":{},"end":{}}],"line":40},"2":{"loc":{"start":{"line":46,"column":4},"end":{"line":52,"column":5}},"type":"if","locations":[{"start":{"line":46,"column":4},"end":{"line":52,"column":5}},{"start":{},"end":{}}],"line":46},"3":{"loc":{"start":{"line":53,"column":4},"end":{"line":60,"column":5}},"type":"if","locations":[{"start":{"line":53,"column":4},"end":{"line":60,"column":5}},{"start":{},"end":{}}],"line":53},"4":{"loc":{"start":{"line":63,"column":4},"end":{"line":69,"column":5}},"type":"if","locations":[{"start":{"line":63,"column":4},"end":{"line":69,"column":5}},{"start":{},"end":{}}],"line":63},"5":{"loc":{"start":{"line":92,"column":2},"end":{"line":97,"column":3}},"type":"if","locations":[{"start":{"line":92,"column":2},"end":{"line":97,"column":3}},{"start":{},"end":{}}],"line":92},"6":{"loc":{"start":{"line":93,"column":4},"end":{"line":94,"column":32}},"type":"binary-expr","locations":[{"start":{"line":93,"column":4},"end":{"line":93,"column":45}},{"start":{"line":94,"column":4},"end":{"line":94,"column":32}}],"line":93},"7":{"loc":{"start":{"line":104,"column":2},"end":{"line":106,"column":3}},"type":"if","locations":[{"start":{"line":104,"column":2},"end":{"line":106,"column":3}},{"start":{},"end":{}}],"line":104},"8":{"loc":{"start":{"line":126,"column":4},"end":{"line":128,"column":5}},"type":"if","locations":[{"start":{"line":126,"column":4},"end":{"line":128,"column":5}},{"start":{},"end":{}}],"line":126},"9":{"loc":{"start":{"line":132,"column":4},"end":{"line":134,"column":5}},"type":"if","locations":[{"start":{"line":132,"column":4},"end":{"line":134,"column":5}},{"start":{},"end":{}}],"line":132},"10":{"loc":{"start":{"line":136,"column":4},"end":{"line":138,"column":5}},"type":"if","locations":[{"start":{"line":136,"column":4},"end":{"line":138,"column":5}},{"start":{},"end":{}}],"line":136},"11":{"loc":{"start":{"line":140,"column":4},"end":{"line":142,"column":5}},"type":"if","locations":[{"start":{"line":140,"column":4},"end":{"line":142,"column":5}},{"start":{},"end":{}}],"line":140},"12":{"loc":{"start":{"line":144,"column":4},"end":{"line":146,"column":5}},"type":"if","locations":[{"start":{"line":144,"column":4},"end":{"line":146,"column":5}},{"start":{},"end":{}}],"line":144},"13":{"loc":{"start":{"line":148,"column":4},"end":{"line":150,"column":5}},"type":"if","locations":[{"start":{"line":148,"column":4},"end":{"line":150,"column":5}},{"start":{},"end":{}}],"line":148},"14":{"loc":{"start":{"line":179,"column":4},"end":{"line":181,"column":5}},"type":"if","locations":[{"start":{"line":179,"column":4},"end":{"line":181,"column":5}},{"start":{},"end":{}}],"line":179},"15":{"loc":{"start":{"line":184,"column":4},"end":{"line":188,"column":5}},"type":"if","locations":[{"start":{"line":184,"column":4},"end":{"line":188,"column":5}},{"start":{},"end":{}}],"line":184}},"s":{"0":4,"1":4,"2":4,"3":0,"4":0,"5":0,"6":0,"7":0,"8":0,"9":0,"10":0,"11":4,"12":4,"13":4,"14":4,"15":6,"16":6,"17":6,"18":2,"19":2,"20":2,"21":4,"22":2,"23":2,"24":2,"25":2,"26":0,"27":0,"28":0,"29":2,"30":0,"31":0,"32":0,"33":2,"34":2,"35":0,"36":0,"37":0,"38":2,"39":2,"40":2,"41":2,"42":0,"43":0,"44":0,"45":2,"46":2,"47":2,"48":0,"49":2,"50":2,"51":0,"52":0,"53":0,"54":0,"55":0,"56":0,"57":0,"58":0,"59":0,"60":0,"61":0,"62":0,"63":0,"64":0,"65":0,"66":0,"67":0,"68":0,"69":0,"70":0,"71":0,"72":0,"73":0,"74":0,"75":0,"76":0,"77":0,"78":0,"79":0,"80":0,"81":0,"82":0,"83":0,"84":0,"85":0,"86":0,"87":0,"88":0,"89":0,"90":0,"91":4,"92":4},"f":{"0":0,"1":0,"2":0,"3":6,"4":2,"5":2,"6":0,"7":0,"8":0},"b":{"0":[2,4],"1":[2,2],"2":[0,2],"3":[0,2],"4":[0,2],"5":[2,0],"6":[2,2],"7":[2,0],"8":[0,0],"9":[0,0],"10":[0,0],"11":[0,0],"12":[0,0],"13":[0,0],"14":[0,0],"15":[0,0]},"_coverageSchema":"1a1c01bbd47fc00a2c39e90264f33305004495a9","hash":"04358bd2107eacad94f41b5c71b1a5f0f6d5f614"}
,"/Users/hardeep.kahlon/Projects/team-foodies-crust-pilot/api/db/db.js": {"path":"/Users/hardeep.kahlon/Projects/team-foodies-crust-pilot/api/db/db.js","statementMap":{"0":{"start":{"line":1,"column":17},"end":{"line":1,"column":36}},"1":{"start":{"line":2,"column":21},"end":{"line":2,"column":42}},"2":{"start":{"line":3,"column":15},"end":{"line":3,"column":32}},"3":{"start":{"line":5,"column":0},"end":{"line":5,"column":16}},"4":{"start":{"line":28,"column":21},"end":{"line":28,"column":44}},"5":{"start":{"line":30,"column":2},"end":{"line":35,"column":3}},"6":{"start":{"line":31,"column":4},"end":{"line":33,"column":6}},"7":{"start":{"line":34,"column":4},"end":{"line":34,"column":53}},"8":{"start":{"line":37,"column":2},"end":{"line":37,"column":37}},"9":{"start":{"line":39,"column":2},"end":{"line":41,"column":3}},"10":{"start":{"line":40,"column":4},"end":{"line":40,"column":53}},"11":{"start":{"line":44,"column":0},"end":{"line":44,"column":39}}},"fnMap":{"0":{"name":"connectToDatabase","decl":{"start":{"line":27,"column":15},"end":{"line":27,"column":32}},"loc":{"start":{"line":27,"column":35},"end":{"line":42,"column":1}},"line":27}},"branchMap":{"0":{"loc":{"start":{"line":30,"column":2},"end":{"line":35,"column":3}},"type":"if","locations":[{"start":{"line":30,"column":2},"end":{"line":35,"column":3}},{"start":{},"end":{}}],"line":30},"1":{"loc":{"start":{"line":39,"column":2},"end":{"line":41,"column":3}},"type":"if","locations":[{"start":{"line":39,"column":2},"end":{"line":41,"column":3}},{"start":{},"end":{}}],"line":39}},"s":{"0":5,"1":5,"2":5,"3":5,"4":5,"5":5,"6":0,"7":0,"8":5,"9":5,"10":0,"11":5},"f":{"0":5},"b":{"0":[0,5],"1":[0,5]},"_coverageSchema":"1a1c01bbd47fc00a2c39e90264f33305004495a9","hash":"61784c799f9252cac11dc306accb0f073a1ccd66"}
,"/Users/hardeep.kahlon/Projects/team-foodies-crust-pilot/api/lib/token.js": {"path":"/Users/hardeep.kahlon/Projects/team-foodies-crust-pilot/api/lib/token.js","statementMap":{"0":{"start":{"line":1,"column":12},"end":{"line":1,"column":35}},"1":{"start":{"line":2,"column":15},"end":{"line":2,"column":37}},"2":{"start":{"line":11,"column":27},"end":{"line":11,"column":34}},"3":{"start":{"line":12,"column":26},"end":{"line":12,"column":38}},"4":{"start":{"line":13,"column":23},"end":{"line":13,"column":52}},"5":{"start":{"line":15,"column":21},"end":{"line":15,"column":51}},"6":{"start":{"line":19,"column":17},"end":{"line":23,"column":3}},"7":{"start":{"line":25,"column":2},"end":{"line":25,"column":34}},"8":{"start":{"line":29,"column":2},"end":{"line":29,"column":35}},"9":{"start":{"line":32,"column":0},"end":{"line":32,"column":48}}},"fnMap":{"0":{"name":"generateToken","decl":{"start":{"line":10,"column":9},"end":{"line":10,"column":22}},"loc":{"start":{"line":10,"column":32},"end":{"line":26,"column":1}},"line":10},"1":{"name":"decodeToken","decl":{"start":{"line":28,"column":9},"end":{"line":28,"column":20}},"loc":{"start":{"line":28,"column":28},"end":{"line":30,"column":1}},"line":28}},"branchMap":{},"s":{"0":6,"1":6,"2":6,"3":6,"4":6,"5":6,"6":6,"7":6,"8":2,"9":6},"f":{"0":6,"1":2},"b":{},"_coverageSchema":"1a1c01bbd47fc00a2c39e90264f33305004495a9","hash":"c2e6e29190a64caf116a5f979e02256c7693debc"}
,"/Users/hardeep.kahlon/Projects/team-foodies-crust-pilot/api/middleware/tokenChecker.js": {"path":"/Users/hardeep.kahlon/Projects/team-foodies-crust-pilot/api/middleware/tokenChecker.js","statementMap":{"0":{"start":{"line":1,"column":12},"end":{"line":1,"column":35}},"1":{"start":{"line":6,"column":21},"end":{"line":6,"column":45}},"2":{"start":{"line":8,"column":2},"end":{"line":10,"column":3}},"3":{"start":{"line":9,"column":4},"end":{"line":9,"column":32}},"4":{"start":{"line":12,"column":2},"end":{"line":26,"column":3}},"5":{"start":{"line":13,"column":20},"end":{"line":13,"column":61}},"6":{"start":{"line":14,"column":20},"end":{"line":14,"column":31}},"7":{"start":{"line":16,"column":4},"end":{"line":18,"column":5}},"8":{"start":{"line":17,"column":6},"end":{"line":17,"column":51}},"9":{"start":{"line":21,"column":4},"end":{"line":21,"column":26}},"10":{"start":{"line":22,"column":4},"end":{"line":22,"column":11}},"11":{"start":{"line":24,"column":4},"end":{"line":24,"column":21}},"12":{"start":{"line":25,"column":4},"end":{"line":25,"column":52}},"13":{"start":{"line":29,"column":0},"end":{"line":29,"column":30}}},"fnMap":{"0":{"name":"tokenChecker","decl":{"start":{"line":4,"column":9},"end":{"line":4,"column":21}},"loc":{"start":{"line":4,"column":38},"end":{"line":27,"column":1}},"line":4}},"branchMap":{"0":{"loc":{"start":{"line":8,"column":2},"end":{"line":10,"column":3}},"type":"if","locations":[{"start":{"line":8,"column":2},"end":{"line":10,"column":3}},{"start":{},"end":{}}],"line":8},"1":{"loc":{"start":{"line":16,"column":4},"end":{"line":18,"column":5}},"type":"if","locations":[{"start":{"line":16,"column":4},"end":{"line":18,"column":5}},{"start":{},"end":{}}],"line":16}},"s":{"0":4,"1":3,"2":3,"3":3,"4":3,"5":3,"6":3,"7":3,"8":0,"9":3,"10":3,"11":0,"12":0,"13":4},"f":{"0":3},"b":{"0":[3,0],"1":[0,3]},"_coverageSchema":"1a1c01bbd47fc00a2c39e90264f33305004495a9","hash":"b0d2d24551c18dd8207e42b615178cdbe2eb8bf0"}
,"/Users/hardeep.kahlon/Projects/team-foodies-crust-pilot/api/middleware/upload.js": {"path":"/Users/hardeep.kahlon/Projects/team-foodies-crust-pilot/api/middleware/upload.js","statementMap":{"0":{"start":{"line":1,"column":15},"end":{"line":1,"column":32}},"1":{"start":{"line":2,"column":13},"end":{"line":2,"column":28}},"2":{"start":{"line":3,"column":11},"end":{"line":3,"column":24}},"3":{"start":{"line":5,"column":18},"end":{"line":5,"column":52}},"4":{"start":{"line":7,"column":0},"end":{"line":9,"column":1}},"5":{"start":{"line":8,"column":2},"end":{"line":8,"column":26}},"6":{"start":{"line":11,"column":16},"end":{"line":19,"column":2}},"7":{"start":{"line":13,"column":4},"end":{"line":13,"column":24}},"8":{"start":{"line":16,"column":23},"end":{"line":16,"column":59}},"9":{"start":{"line":17,"column":4},"end":{"line":17,"column":25}},"10":{"start":{"line":21,"column":19},"end":{"line":27,"column":1}},"11":{"start":{"line":22,"column":2},"end":{"line":26,"column":3}},"12":{"start":{"line":23,"column":4},"end":{"line":23,"column":19}},"13":{"start":{"line":25,"column":4},"end":{"line":25,"column":57}},"14":{"start":{"line":29,"column":15},"end":{"line":29,"column":46}},"15":{"start":{"line":31,"column":0},"end":{"line":31,"column":24}}},"fnMap":{"0":{"name":"(anonymous_0)","decl":{"start":{"line":12,"column":15},"end":{"line":12,"column":16}},"loc":{"start":{"line":12,"column":36},"end":{"line":14,"column":3}},"line":12},"1":{"name":"(anonymous_1)","decl":{"start":{"line":15,"column":12},"end":{"line":15,"column":13}},"loc":{"start":{"line":15,"column":32},"end":{"line":18,"column":3}},"line":15},"2":{"name":"(anonymous_2)","decl":{"start":{"line":21,"column":19},"end":{"line":21,"column":20}},"loc":{"start":{"line":21,"column":39},"end":{"line":27,"column":1}},"line":21}},"branchMap":{"0":{"loc":{"start":{"line":7,"column":0},"end":{"line":9,"column":1}},"type":"if","locations":[{"start":{"line":7,"column":0},"end":{"line":9,"column":1}},{"start":{},"end":{}}],"line":7},"1":{"loc":{"start":{"line":22,"column":2},"end":{"line":26,"column":3}},"type":"if","locations":[{"start":{"line":22,"column":2},"end":{"line":26,"column":3}},{"start":{"line":24,"column":9},"end":{"line":26,"column":3}}],"line":22}},"s":{"0":4,"1":4,"2":4,"3":4,"4":4,"5":0,"6":4,"7":0,"8":0,"9":0,"10":4,"11":0,"12":0,"13":0,"14":4,"15":4},"f":{"0":0,"1":0,"2":0},"b":{"0":[0,4],"1":[0,0]},"_coverageSchema":"1a1c01bbd47fc00a2c39e90264f33305004495a9","hash":"1c498b1f96b0edb7b001de353cbc4b8dc158959a"}
,"/Users/hardeep.kahlon/Projects/team-foodies-crust-pilot/api/models/post.js": {"path":"/Users/hardeep.kahlon/Projects/team-foodies-crust-pilot/api/models/post.js","statementMap":{"0":{"start":{"line":1,"column":17},"end":{"line":1,"column":36}},"1":{"start":{"line":5,"column":19},"end":{"line":21,"column":1}},"2":{"start":{"line":25,"column":13},"end":{"line":25,"column":47}},"3":{"start":{"line":27,"column":0},"end":{"line":27,"column":22}}},"fnMap":{},"branchMap":{},"s":{"0":7,"1":7,"2":7,"3":7},"f":{},"b":{},"_coverageSchema":"1a1c01bbd47fc00a2c39e90264f33305004495a9","hash":"6c227b7b62d59044da36fbe32220c58e1d72d6d3"}
,"/Users/hardeep.kahlon/Projects/team-foodies-crust-pilot/api/models/user.js": {"path":"/Users/hardeep.kahlon/Projects/team-foodies-crust-pilot/api/models/user.js","statementMap":{"0":{"start":{"line":1,"column":17},"end":{"line":1,"column":36}},"1":{"start":{"line":3,"column":19},"end":{"line":15,"column":2}},"2":{"start":{"line":17,"column":13},"end":{"line":17,"column":47}},"3":{"start":{"line":19,"column":0},"end":{"line":19,"column":22}}},"fnMap":{},"branchMap":{},"s":{"0":6,"1":6,"2":6,"3":6},"f":{},"b":{},"_coverageSchema":"1a1c01bbd47fc00a2c39e90264f33305004495a9","hash":"5dd7715812a344fcb0b8428d7ad0dbe18c67f4a8"}
,"/Users/hardeep.kahlon/Projects/team-foodies-crust-pilot/api/routes/authentication.js": {"path":"/Users/hardeep.kahlon/Projects/team-foodies-crust-pilot/api/routes/authentication.js","statementMap":{"0":{"start":{"line":1,"column":16},"end":{"line":1,"column":34}},"1":{"start":{"line":3,"column":15},"end":{"line":3,"column":31}},"2":{"start":{"line":5,"column":33},"end":{"line":5,"column":73}},"3":{"start":{"line":7,"column":0},"end":{"line":7,"column":55}},"4":{"start":{"line":9,"column":0},"end":{"line":9,"column":24}}},"fnMap":{},"branchMap":{},"s":{"0":4,"1":4,"2":4,"3":4,"4":4},"f":{},"b":{},"_coverageSchema":"1a1c01bbd47fc00a2c39e90264f33305004495a9","hash":"d5e62e15167500b98f320852b47497df4a8688f7"}
,"/Users/hardeep.kahlon/Projects/team-foodies-crust-pilot/api/routes/favourites.js": {"path":"/Users/hardeep.kahlon/Projects/team-foodies-crust-pilot/api/routes/favourites.js","statementMap":{"0":{"start":{"line":1,"column":16},"end":{"line":1,"column":34}},"1":{"start":{"line":2,"column":15},"end":{"line":2,"column":31}},"2":{"start":{"line":7,"column":4},"end":{"line":7,"column":40}},"3":{"start":{"line":11,"column":0},"end":{"line":11,"column":35}},"4":{"start":{"line":12,"column":0},"end":{"line":12,"column":47}},"5":{"start":{"line":13,"column":0},"end":{"line":13,"column":53}},"6":{"start":{"line":15,"column":0},"end":{"line":15,"column":24}}},"fnMap":{},"branchMap":{},"s":{"0":4,"1":4,"2":4,"3":4,"4":4,"5":4,"6":4},"f":{},"b":{},"_coverageSchema":"1a1c01bbd47fc00a2c39e90264f33305004495a9","hash":"43ebd0632613f3f03d32418cac7ed8af0d1cc7cd"}
,"/Users/hardeep.kahlon/Projects/team-foodies-crust-pilot/api/routes/posts.js": {"path":"/Users/hardeep.kahlon/Projects/team-foodies-crust-pilot/api/routes/posts.js","statementMap":{"0":{"start":{"line":1,"column":16},"end":{"line":1,"column":34}},"1":{"start":{"line":2,"column":15},"end":{"line":2,"column":31}},"2":{"start":{"line":3,"column":21},"end":{"line":3,"column":58}},"3":{"start":{"line":4,"column":24},"end":{"line":4,"column":55}},"4":{"start":{"line":5,"column":15},"end":{"line":5,"column":46}},"5":{"start":{"line":7,"column":0},"end":{"line":7,"column":45}},"6":{"start":{"line":8,"column":0},"end":{"line":8,"column":48}},"7":{"start":{"line":9,"column":0},"end":{"line":9,"column":65}},"8":{"start":{"line":10,"column":0},"end":{"line":10,"column":79}},"9":{"start":{"line":11,"column":0},"end":{"line":15,"column":2}},"10":{"start":{"line":16,"column":0},"end":{"line":16,"column":83}},"11":{"start":{"line":18,"column":0},"end":{"line":18,"column":24}}},"fnMap":{},"branchMap":{},"s":{"0":4,"1":4,"2":4,"3":4,"4":4,"5":4,"6":4,"7":4,"8":4,"9":4,"10":4,"11":4},"f":{},"b":{},"_coverageSchema":"1a1c01bbd47fc00a2c39e90264f33305004495a9","hash":"d89a9bc6eb16a7642ff30c9566457794d613785a"}
,"/Users/hardeep.kahlon/Projects/team-foodies-crust-pilot/api/routes/search.js": {"path":"/Users/hardeep.kahlon/Projects/team-foodies-crust-pilot/api/routes/search.js","statementMap":{"0":{"start":{"line":1,"column":16},"end":{"line":1,"column":34}},"1":{"start":{"line":2,"column":15},"end":{"line":2,"column":31}},"2":{"start":{"line":4,"column":25},"end":{"line":4,"column":57}},"3":{"start":{"line":6,"column":0},"end":{"line":6,"column":41}},"4":{"start":{"line":8,"column":0},"end":{"line":8,"column":24}}},"fnMap":{},"branchMap":{},"s":{"0":4,"1":4,"2":4,"3":4,"4":4},"f":{},"b":{},"_coverageSchema":"1a1c01bbd47fc00a2c39e90264f33305004495a9","hash":"12258b0ca224f217b454f7c1e64a244ae8d5ee95"}
,"/Users/hardeep.kahlon/Projects/team-foodies-crust-pilot/api/routes/users.js": {"path":"/Users/hardeep.kahlon/Projects/team-foodies-crust-pilot/api/routes/users.js","statementMap":{"0":{"start":{"line":1,"column":16},"end":{"line":1,"column":34}},"1":{"start":{"line":2,"column":21},"end":{"line":2,"column":58}},"2":{"start":{"line":3,"column":15},"end":{"line":3,"column":32}},"3":{"start":{"line":4,"column":13},"end":{"line":4,"column":28}},"4":{"start":{"line":6,"column":24},"end":{"line":6,"column":55}},"5":{"start":{"line":8,"column":15},"end":{"line":8,"column":31}},"6":{"start":{"line":10,"column":16},"end":{"line":17,"column":2}},"7":{"start":{"line":12,"column":4},"end":{"line":12,"column":25}},"8":{"start":{"line":15,"column":4},"end":{"line":15,"column":59}},"9":{"start":{"line":19,"column":15},"end":{"line":19,"column":34}},"10":{"start":{"line":22,"column":0},"end":{"line":22,"column":45}},"11":{"start":{"line":23,"column":0},"end":{"line":23,"column":64}},"12":{"start":{"line":24,"column":0},"end":{"line":24,"column":97}},"13":{"start":{"line":25,"column":0},"end":{"line":25,"column":74}},"14":{"start":{"line":30,"column":0},"end":{"line":30,"column":24}}},"fnMap":{"0":{"name":"(anonymous_0)","decl":{"start":{"line":11,"column":15},"end":{"line":11,"column":16}},"loc":{"start":{"line":11,"column":34},"end":{"line":13,"column":3}},"line":11},"1":{"name":"(anonymous_1)","decl":{"start":{"line":14,"column":12},"end":{"line":14,"column":13}},"loc":{"start":{"line":14,"column":31},"end":{"line":16,"column":3}},"line":14}},"branchMap":{},"s":{"0":4,"1":4,"2":4,"3":4,"4":4,"5":4,"6":4,"7":0,"8":0,"9":4,"10":4,"11":4,"12":4,"13":4,"14":4},"f":{"0":0,"1":0},"b":{},"_coverageSchema":"1a1c01bbd47fc00a2c39e90264f33305004495a9","hash":"f9df4dc8f0f989f5e7be31285b59f0947b03aec3"}
,"/Users/hardeep.kahlon/Projects/team-foodies-crust-pilot/api/tests/mongodb_helper.js": {"path":"/Users/hardeep.kahlon/Projects/team-foodies-crust-pilot/api/tests/mongodb_helper.js","statementMap":{"0":{"start":{"line":1,"column":17},"end":{"line":1,"column":36}},"1":{"start":{"line":2,"column":30},"end":{"line":2,"column":49}},"2":{"start":{"line":3,"column":21},"end":{"line":3,"column":39}},"3":{"start":{"line":5,"column":0},"end":{"line":8,"column":3}},"4":{"start":{"line":6,"column":2},"end":{"line":6,"column":23}},"5":{"start":{"line":7,"column":2},"end":{"line":7,"column":28}},"6":{"start":{"line":10,"column":0},"end":{"line":12,"column":3}},"7":{"start":{"line":11,"column":2},"end":{"line":11,"column":40}}},"fnMap":{"0":{"name":"(anonymous_0)","decl":{"start":{"line":5,"column":10},"end":{"line":5,"column":11}},"loc":{"start":{"line":5,"column":22},"end":{"line":8,"column":1}},"line":5},"1":{"name":"(anonymous_1)","decl":{"start":{"line":10,"column":9},"end":{"line":10,"column":10}},"loc":{"start":{"line":10,"column":21},"end":{"line":12,"column":1}},"line":10}},"branchMap":{},"s":{"0":5,"1":5,"2":5,"3":5,"4":5,"5":5,"6":5,"7":5},"f":{"0":5,"1":5},"b":{},"_coverageSchema":"1a1c01bbd47fc00a2c39e90264f33305004495a9","hash":"efad79acdd18566d53ccc216139d249e0f4229a1"}
}
