TN:
SF:app.js
FN:36,(anonymous_0)
FN:42,(anonymous_1)
FNF:2
FNH:0
FNDA:0,(anonymous_0)
FNDA:0,(anonymous_1)
DA:1,4
DA:2,4
DA:3,4
DA:4,4
DA:6,4
DA:7,4
DA:8,4
DA:9,4
DA:10,4
DA:11,4
DA:13,4
DA:18,4
DA:21,4
DA:24,4
DA:28,4
DA:29,4
DA:30,4
DA:31,4
DA:32,4
DA:33,4
DA:36,4
DA:37,0
DA:38,0
DA:42,4
DA:43,0
DA:44,0
DA:45,0
DA:47,0
DA:51,4
LF:29
LH:23
BRDA:44,0,0,0
BRDA:44,0,1,0
BRF:2
BRH:0
end_of_record
TN:
SF:seed.js
FN:9,favouriteRestaurantForUser
FN:28,generateRatings
FN:32,getRatingValue
FN:60,buildPosts
FN:84,(anonymous_4)
FN:114,createUser
FN:135,seedPostData
FN:143,(anonymous_7)
FN:149,seedDatabase
FN:169,(anonymous_9)
FN:187,(anonymous_10)
FNF:11
FNH:10
FNDA:25,favouriteRestaurantForUser
FNDA:100,generateRatings
FNDA:2440,getRatingValue
FNDA:5,buildPosts
FNDA:100,(anonymous_4)
FNDA:25,createUser
FNDA:5,seedPostData
FNDA:100,(anonymous_7)
FNDA:5,seedDatabase
FNDA:25,(anonymous_9)
FNDA:0,(anonymous_10)
DA:1,5
DA:2,5
DA:3,5
DA:5,5
DA:6,5
DA:7,5
DA:10,25
DA:11,0
DA:16,25
DA:17,0
DA:18,0
DA:21,25
DA:29,100
DA:30,100
DA:33,2440
DA:34,599
DA:39,1841
DA:40,123
DA:45,1718
DA:48,100
DA:49,2440
DA:51,2440
DA:57,100
DA:61,5
DA:84,5
DA:85,100
DA:87,100
DA:89,100
DA:95,25
DA:98,100
DA:99,5
DA:102,100
DA:115,25
DA:116,0
DA:119,25
DA:120,0
DA:123,25
DA:125,25
DA:136,5
DA:137,5
DA:138,5
DA:140,5
DA:141,5
DA:143,100
DA:145,0
DA:150,5
DA:154,5
DA:155,0
DA:158,5
DA:160,5
DA:162,5
DA:163,5
DA:164,5
DA:165,5
DA:166,5
DA:168,5
DA:169,25
DA:171,5
DA:173,5
DA:175,5
DA:176,5
DA:177,5
DA:178,5
DA:179,5
DA:181,5
DA:183,5
DA:186,5
DA:187,0
DA:188,0
DA:192,5
LF:70
LH:61
BRDA:10,0,0,0
BRDA:10,0,1,25
BRDA:16,1,0,0
BRDA:16,1,1,25
BRDA:28,2,0,0
BRDA:33,3,0,599
BRDA:33,3,1,1841
BRDA:34,4,0,407
BRDA:34,4,1,192
BRDA:39,5,0,123
BRDA:39,5,1,1718
BRDA:40,6,0,91
BRDA:40,6,1,32
BRDA:89,7,0,25
BRDA:89,7,1,75
BRDA:90,8,0,100
BRDA:90,8,1,95
BRDA:90,8,2,90
BRDA:90,8,3,80
BRDA:98,9,0,5
BRDA:98,9,1,95
BRDA:115,10,0,0
BRDA:115,10,1,25
BRDA:119,11,0,0
BRDA:119,11,1,25
BRDA:119,12,0,25
BRDA:119,12,1,25
BRDA:150,13,0,0
BRDA:150,13,1,5
BRDA:154,14,0,0
BRDA:154,14,1,5
BRDA:186,15,0,0
BRDA:186,15,1,5
BRF:33
BRH:25
end_of_record
TN:
SF:controllers/authentication.js
FN:17,createToken
FNF:1
FNH:1
FNDA:5,createToken
DA:1,4
DA:2,4
DA:3,4
DA:5,4
DA:18,5
DA:19,5
DA:20,5
DA:22,5
DA:23,0
DA:24,5
DA:25,0
DA:30,5
DA:31,5
DA:32,5
DA:33,1
DA:34,1
DA:35,1
DA:38,4
DA:40,4
DA:41,3
DA:42,3
DA:43,3
DA:48,3
DA:51,1
DA:52,1
DA:54,0
DA:55,0
DA:56,0
DA:60,4
DA:64,4
LF:30
LH:25
BRDA:22,0,0,0
BRDA:22,0,1,5
BRDA:24,1,0,0
BRDA:24,1,1,5
BRDA:32,2,0,1
BRDA:32,2,1,4
BRDA:40,3,0,3
BRDA:40,3,1,1
BRF:8
BRH:6
end_of_record
TN:
SF:controllers/favourites.js
FN:10,addToFavourites
FN:60,getFavouritesData
FN:94,(anonymous_2)
FN:95,(anonymous_3)
FN:116,calcAvgRating
FN:118,(anonymous_5)
FN:125,removeFromFavourites
FNF:7
FNH:6
FNDA:0,addToFavourites
FNDA:2,getFavouritesData
FNDA:2,(anonymous_2)
FNDA:2,(anonymous_3)
FNDA:2,calcAvgRating
FNDA:2,(anonymous_5)
FNDA:1,removeFromFavourites
DA:1,4
DA:2,4
DA:11,0
DA:12,0
DA:13,0
DA:14,0
DA:17,0
DA:18,0
DA:21,0
DA:22,0
DA:23,0
DA:24,0
DA:29,0
DA:32,0
DA:35,0
DA:41,0
DA:43,0
DA:45,0
DA:52,0
DA:53,0
DA:61,2
DA:62,2
DA:63,0
DA:64,0
DA:65,0
DA:68,2
DA:69,2
DA:70,2
DA:71,2
DA:72,0
DA:73,0
DA:74,0
DA:77,2
DA:84,2
DA:85,2
DA:86,0
DA:91,0
DA:94,2
DA:95,2
DA:96,2
DA:97,2
DA:102,2
DA:107,2
DA:108,2
DA:110,0
DA:111,0
DA:112,0
DA:118,2
DA:119,2
DA:126,1
DA:127,1
DA:129,1
DA:130,0
DA:131,0
DA:134,1
DA:135,0
DA:140,1
DA:142,1
DA:143,1
DA:144,1
DA:145,0
DA:146,0
DA:150,1
DA:160,1
DA:165,0
DA:166,0
DA:167,0
DA:171,4
LF:68
LH:31
BRDA:13,0,0,0
BRDA:13,0,1,0
BRDA:23,1,0,0
BRDA:23,1,1,0
BRDA:62,2,0,0
BRDA:62,2,1,2
BRDA:71,3,0,0
BRDA:71,3,1,2
BRDA:85,4,0,0
BRDA:85,4,1,2
BRDA:85,5,0,2
BRDA:85,5,1,2
BRDA:129,6,0,0
BRDA:129,6,1,1
BRDA:134,7,0,0
BRDA:134,7,1,1
BRDA:144,8,0,0
BRDA:144,8,1,1
BRF:18
BRH:8
end_of_record
TN:
SF:controllers/posts.js
FN:5,getAllPosts
FN:16,getPostById
FN:44,getFavouritesData
FN:92,removeFavouriteRestaurant
FN:139,(anonymous_4)
FN:177,ratePost
FN:190,(anonymous_6)
FNF:7
FNH:4
FNDA:1,getAllPosts
FNDA:1,getPostById
FNDA:0,getFavouritesData
FNDA:0,removeFavouriteRestaurant
FNDA:1,(anonymous_4)
FNDA:1,ratePost
FNDA:0,(anonymous_6)
DA:1,5
DA:2,5
DA:3,5
DA:6,1
DA:7,1
DA:9,1
DA:11,0
DA:12,0
DA:17,1
DA:18,1
DA:19,1
DA:21,1
DA:22,1
DA:25,0
DA:27,0
DA:28,0
DA:29,0
DA:36,5
DA:45,0
DA:46,0
DA:47,0
DA:48,0
DA:49,0
DA:52,0
DA:53,0
DA:54,0
DA:55,0
DA:56,0
DA:57,0
DA:58,0
DA:61,0
DA:66,0
DA:67,0
DA:68,0
DA:73,0
DA:76,0
DA:81,0
DA:83,0
DA:84,0
DA:85,0
DA:93,0
DA:94,0
DA:96,0
DA:97,0
DA:98,0
DA:101,0
DA:102,0
DA:107,0
DA:109,0
DA:110,0
DA:111,0
DA:112,0
DA:113,0
DA:117,0
DA:127,0
DA:132,0
DA:133,0
DA:134,0
DA:139,5
DA:140,1
DA:142,1
DA:144,1
DA:150,1
DA:162,1
DA:164,1
DA:166,1
DA:172,0
DA:173,0
DA:178,1
DA:179,1
DA:180,1
DA:181,1
DA:183,1
DA:185,1
DA:186,1
DA:189,0
DA:190,0
DA:193,0
DA:194,0
DA:196,0
DA:199,0
DA:201,0
DA:203,0
DA:204,0
DA:208,5
DA:217,5
LF:86
LH:29
BRDA:21,0,0,1
BRDA:21,0,1,0
BRDA:46,1,0,0
BRDA:46,1,1,0
BRDA:55,2,0,0
BRDA:55,2,1,0
BRDA:67,3,0,0
BRDA:67,3,1,0
BRDA:67,4,0,0
BRDA:67,4,1,0
BRDA:96,5,0,0
BRDA:96,5,1,0
BRDA:101,6,0,0
BRDA:101,6,1,0
BRDA:111,7,0,0
BRDA:111,7,1,0
BRDA:144,8,0,0
BRDA:144,8,1,1
BRDA:157,9,0,1
BRDA:157,9,1,0
BRDA:185,10,0,1
BRDA:185,10,1,0
BRDA:193,11,0,0
BRDA:193,11,1,0
BRF:24
BRH:4
end_of_record
TN:
SF:controllers/search.js
FN:4,searchPlaces
FNF:1
FNH:1
FNDA:13,searchPlaces
DA:1,4
DA:2,4
DA:5,13
DA:6,13
DA:8,13
DA:9,2
DA:14,11
DA:21,11
DA:22,2
DA:28,9
DA:34,0
DA:35,0
DA:36,0
DA:43,4
DA:47,4
LF:15
LH:12
BRDA:8,0,0,2
BRDA:8,0,1,11
BRDA:21,1,0,2
BRDA:21,1,1,9
BRF:4
BRH:4
end_of_record
TN:
SF:controllers/users.js
FN:5,create
FN:12,(anonymous_1)
FN:16,(anonymous_2)
FN:33,createUser
FN:90,emailIsValid
FN:102,passwordIsValid
FN:111,getUserProfile
FN:121,editUserProfile
FN:171,editUserPassword
FNF:9
FNH:3
FNDA:0,create
FNDA:0,(anonymous_1)
FNDA:0,(anonymous_2)
FNDA:6,createUser
FNDA:2,emailIsValid
FNDA:2,passwordIsValid
FNDA:0,getUserProfile
FNDA:0,editUserProfile
FNDA:0,editUserPassword
DA:1,4
DA:2,4
DA:3,4
DA:6,0
DA:7,0
DA:9,0
DA:10,0
DA:13,0
DA:14,0
DA:17,0
DA:18,0
DA:22,4
DA:23,4
DA:24,4
DA:25,4
DA:34,6
DA:35,6
DA:36,6
DA:37,2
DA:38,2
DA:39,2
DA:40,4
DA:41,2
DA:42,2
DA:43,2
DA:46,2
DA:47,0
DA:48,0
DA:51,0
DA:53,2
DA:54,0
DA:55,0
DA:59,0
DA:62,2
DA:63,2
DA:64,0
DA:65,0
DA:68,0
DA:70,2
DA:71,2
DA:81,2
DA:82,2
DA:84,0
DA:85,0
DA:86,0
DA:91,2
DA:92,2
DA:96,2
DA:99,0
DA:104,2
DA:105,2
DA:108,0
DA:112,0
DA:113,0
DA:114,0
DA:116,0
DA:122,0
DA:123,0
DA:124,0
DA:126,0
DA:127,0
DA:130,0
DA:132,0
DA:133,0
DA:136,0
DA:137,0
DA:140,0
DA:141,0
DA:144,0
DA:145,0
DA:148,0
DA:149,0
DA:152,0
DA:154,0
DA:156,0
DA:162,0
DA:163,0
DA:172,0
DA:173,0
DA:174,0
DA:175,0
DA:178,0
DA:179,0
DA:180,0
DA:184,0
DA:185,0
DA:191,0
DA:195,0
DA:196,0
DA:198,0
DA:202,0
DA:206,4
DA:214,4
LF:93
LH:32
BRDA:36,0,0,2
BRDA:36,0,1,4
BRDA:40,1,0,2
BRDA:40,1,1,2
BRDA:46,2,0,0
BRDA:46,2,1,2
BRDA:53,3,0,0
BRDA:53,3,1,2
BRDA:63,4,0,0
BRDA:63,4,1,2
BRDA:92,5,0,2
BRDA:92,5,1,0
BRDA:93,6,0,2
BRDA:93,6,1,2
BRDA:104,7,0,2
BRDA:104,7,1,0
BRDA:126,8,0,0
BRDA:126,8,1,0
BRDA:132,9,0,0
BRDA:132,9,1,0
BRDA:136,10,0,0
BRDA:136,10,1,0
BRDA:140,11,0,0
BRDA:140,11,1,0
BRDA:144,12,0,0
BRDA:144,12,1,0
BRDA:148,13,0,0
BRDA:148,13,1,0
BRDA:179,14,0,0
BRDA:179,14,1,0
BRDA:184,15,0,0
BRDA:184,15,1,0
BRF:32
BRH:11
end_of_record
TN:
SF:db/db.js
FN:27,connectToDatabase
FNF:1
FNH:1
FNDA:5,connectToDatabase
DA:1,5
DA:2,5
DA:3,5
DA:5,5
DA:28,5
DA:30,5
DA:31,0
DA:34,0
DA:37,5
DA:39,5
DA:40,0
DA:44,5
LF:12
LH:9
BRDA:30,0,0,0
BRDA:30,0,1,5
BRDA:39,1,0,0
BRDA:39,1,1,5
BRF:4
BRH:2
end_of_record
TN:
SF:lib/token.js
FN:10,generateToken
FN:28,decodeToken
FNF:2
FNH:2
FNDA:6,generateToken
FNDA:2,decodeToken
DA:1,6
DA:2,6
DA:11,6
DA:12,6
DA:13,6
DA:15,6
DA:19,6
DA:25,6
DA:29,2
DA:32,6
LF:10
LH:10
BRF:0
BRH:0
end_of_record
TN:
SF:middleware/tokenChecker.js
FN:4,tokenChecker
FNF:1
FNH:1
FNDA:3,tokenChecker
DA:1,4
DA:6,3
DA:8,3
DA:9,3
DA:12,3
DA:13,3
DA:14,3
DA:16,3
DA:17,0
DA:21,3
DA:22,3
DA:24,0
DA:25,0
DA:29,4
LF:14
LH:11
BRDA:8,0,0,3
BRDA:8,0,1,0
BRDA:16,1,0,0
BRDA:16,1,1,3
BRF:4
BRH:2
end_of_record
TN:
SF:middleware/upload.js
FN:12,(anonymous_0)
FN:15,(anonymous_1)
FN:21,(anonymous_2)
FNF:3
FNH:0
FNDA:0,(anonymous_0)
FNDA:0,(anonymous_1)
FNDA:0,(anonymous_2)
DA:1,4
DA:2,4
DA:3,4
DA:5,4
DA:7,4
DA:8,0
DA:11,4
DA:13,0
DA:16,0
DA:17,0
DA:21,4
DA:22,0
DA:23,0
DA:25,0
DA:29,4
DA:31,4
LF:16
LH:9
BRDA:7,0,0,0
BRDA:7,0,1,4
BRDA:22,1,0,0
BRDA:22,1,1,0
BRF:4
BRH:1
end_of_record
TN:
SF:models/post.js
FNF:0
FNH:0
DA:1,7
DA:5,7
DA:25,7
DA:27,7
LF:4
LH:4
BRF:0
BRH:0
end_of_record
TN:
SF:models/user.js
FNF:0
FNH:0
DA:1,6
DA:3,6
DA:17,6
DA:19,6
LF:4
LH:4
BRF:0
BRH:0
end_of_record
TN:
SF:routes/authentication.js
FNF:0
FNH:0
DA:1,4
DA:3,4
DA:5,4
DA:7,4
DA:9,4
LF:5
LH:5
BRF:0
BRH:0
end_of_record
TN:
SF:routes/favourites.js
FNF:0
FNH:0
DA:1,4
DA:2,4
DA:7,4
DA:11,4
DA:12,4
DA:13,4
DA:15,4
LF:7
LH:7
BRF:0
BRH:0
end_of_record
TN:
SF:routes/posts.js
FNF:0
FNH:0
DA:1,4
DA:2,4
DA:3,4
DA:4,4
DA:5,4
DA:7,4
DA:8,4
DA:9,4
DA:10,4
DA:11,4
DA:16,4
DA:18,4
LF:12
LH:12
BRF:0
BRH:0
end_of_record
TN:
SF:routes/search.js
FNF:0
FNH:0
DA:1,4
DA:2,4
DA:4,4
DA:6,4
DA:8,4
LF:5
LH:5
BRF:0
BRH:0
end_of_record
TN:
SF:routes/users.js
FN:11,(anonymous_0)
FN:14,(anonymous_1)
FNF:2
FNH:0
FNDA:0,(anonymous_0)
FNDA:0,(anonymous_1)
DA:1,4
DA:2,4
DA:3,4
DA:4,4
DA:6,4
DA:8,4
DA:10,4
DA:12,0
DA:15,0
DA:19,4
DA:22,4
DA:23,4
DA:24,4
DA:25,4
DA:30,4
LF:15
LH:13
BRF:0
BRH:0
end_of_record
TN:
SF:tests/mongodb_helper.js
FN:5,(anonymous_0)
FN:10,(anonymous_1)
FNF:2
FNH:2
FNDA:5,(anonymous_0)
FNDA:5,(anonymous_1)
DA:1,5
DA:2,5
DA:3,5
DA:5,5
DA:6,5
DA:7,5
DA:10,5
DA:11,5
LF:8
LH:8
BRF:0
BRH:0
end_of_record
